Using pre-set license
Built from '2021.3/evg/staging/82bb020e-b03b1330/draft-0' branch; Version is '2021.3.16f1 (4016570cf34f) revision 4200023'; Using compiler version '192829333'; Build Type 'Release'
OS: 'Windows 11  (10.0.22621) 64bit Core' Language: 'nl' Physical Memory: 14188 MB
BatchMode: 1, IsHumanControllingUs: 0, StartBugReporterOnCrash: 0, Is64bit: 1, IsPro: 1

COMMAND LINE ARGUMENTS:
C:\Program Files\Unity\Hub\Editor\2021.3.16f1\Editor\Unity.exe
-adb2
-batchMode
-noUpm
-name
AssetImportWorker7
-projectPath
C:/Users/timos/OneDrive/Documenten/Unity_projecten/Building_Playfull_World_2
-logFile
Logs/AssetImportWorker7.log
-srvPort
52361
Successfully changed project path to: C:/Users/timos/OneDrive/Documenten/Unity_projecten/Building_Playfull_World_2
C:/Users/timos/OneDrive/Documenten/Unity_projecten/Building_Playfull_World_2
[UnityMemory] Configuration Parameters - Can be set up in boot.config
    "memorysetup-bucket-allocator-granularity=16"
    "memorysetup-bucket-allocator-bucket-count=8"
    "memorysetup-bucket-allocator-block-size=33554432"
    "memorysetup-bucket-allocator-block-count=8"
    "memorysetup-main-allocator-block-size=16777216"
    "memorysetup-thread-allocator-block-size=16777216"
    "memorysetup-gfx-main-allocator-block-size=16777216"
    "memorysetup-gfx-thread-allocator-block-size=16777216"
    "memorysetup-cache-allocator-block-size=4194304"
    "memorysetup-typetree-allocator-block-size=2097152"
    "memorysetup-profiler-bucket-allocator-granularity=16"
    "memorysetup-profiler-bucket-allocator-bucket-count=8"
    "memorysetup-profiler-bucket-allocator-block-size=33554432"
    "memorysetup-profiler-bucket-allocator-block-count=8"
    "memorysetup-profiler-allocator-block-size=16777216"
    "memorysetup-profiler-editor-allocator-block-size=1048576"
    "memorysetup-temp-allocator-size-main=16777216"
    "memorysetup-job-temp-allocator-block-size=2097152"
    "memorysetup-job-temp-allocator-block-size-background=1048576"
    "memorysetup-job-temp-allocator-reduction-small-platforms=262144"
    "memorysetup-temp-allocator-size-background-worker=32768"
    "memorysetup-temp-allocator-size-job-worker=262144"
    "memorysetup-temp-allocator-size-preload-manager=33554432"
    "memorysetup-temp-allocator-size-nav-mesh-worker=65536"
    "memorysetup-temp-allocator-size-audio-worker=65536"
    "memorysetup-temp-allocator-size-cloud-worker=32768"
    "memorysetup-temp-allocator-size-gi-baking-worker=262144"
    "memorysetup-temp-allocator-size-gfx=262144"
Player connection [24932] Host "[IP] 192.168.2.49 [Port] 0 [Flags] 2 [Guid] 2261212668 [EditorId] 2261212668 [Version] 1048832 [Id] WindowsEditor(7,LAPTOP-QO9H7M4E) [Debug] 1 [PackageName] WindowsEditor [ProjectName] Editor" joined multi-casting on [225.0.0.222:54997]...

Player connection [24932] Host "[IP] 192.168.2.49 [Port] 0 [Flags] 2 [Guid] 2261212668 [EditorId] 2261212668 [Version] 1048832 [Id] WindowsEditor(7,LAPTOP-QO9H7M4E) [Debug] 1 [PackageName] WindowsEditor [ProjectName] Editor" joined alternative multi-casting on [225.0.0.222:34997]...

Refreshing native plugins compatible for Editor in 170.62 ms, found 3 plugins.
Preloading 0 native plugins for Editor in 0.00 ms.
Initialize engine version: 2021.3.16f1 (4016570cf34f)
[Subsystems] Discovering subsystems at path C:/Program Files/Unity/Hub/Editor/2021.3.16f1/Editor/Data/Resources/UnitySubsystems
[Subsystems] Discovering subsystems at path C:/Users/timos/OneDrive/Documenten/Unity_projecten/Building_Playfull_World_2/Assets
GfxDevice: creating device client; threaded=0; jobified=0
Direct3D:
    Version:  Direct3D 11.0 [level 11.1]
    Renderer: NVIDIA GeForce RTX 3060 Laptop GPU (ID=0x2560)
    Vendor:   NVIDIA
    VRAM:     6009 MB
    Driver:   31.0.15.2799
Initialize mono
Mono path[0] = 'C:/Program Files/Unity/Hub/Editor/2021.3.16f1/Editor/Data/Managed'
Mono path[1] = 'C:/Program Files/Unity/Hub/Editor/2021.3.16f1/Editor/Data/MonoBleedingEdge/lib/mono/unityjit-win32'
Mono config path = 'C:/Program Files/Unity/Hub/Editor/2021.3.16f1/Editor/Data/MonoBleedingEdge/etc'
Using monoOptions --debugger-agent=transport=dt_socket,embedding=1,server=y,suspend=n,address=127.0.0.1:56144
Begin MonoManager ReloadAssembly
Registering precompiled unity dll's ...
Register platform support module: C:/Program Files/Unity/Hub/Editor/2021.3.16f1/Editor/Data/PlaybackEngines/WindowsStandaloneSupport/UnityEditor.WindowsStandalone.Extensions.dll
Registered in 0.005010 seconds.
Native extension for WindowsStandalone target not found
Refreshing native plugins compatible for Editor in 156.71 ms, found 3 plugins.
Preloading 0 native plugins for Editor in 0.00 ms.
Mono: successfully reloaded assembly
- Completed reload, in  0.807 seconds
Domain Reload Profiling:
	ReloadAssembly (808ms)
		BeginReloadAssembly (79ms)
			ExecutionOrderSort (0ms)
			DisableScriptedObjects (0ms)
			BackupInstance (0ms)
			ReleaseScriptingObjects (0ms)
			CreateAndSetChildDomain (1ms)
		EndReloadAssembly (602ms)
			LoadAssemblies (76ms)
			RebuildTransferFunctionScriptingTraits (0ms)
			SetupTypeCache (123ms)
			ReleaseScriptCaches (0ms)
			RebuildScriptCaches (32ms)
			SetupLoadedEditorAssemblies (387ms)
				LogAssemblyErrors (0ms)
				InitializePlatformSupportModulesInManaged (9ms)
				SetLoadedEditorAssemblies (0ms)
				RefreshPlugins (157ms)
				BeforeProcessingInitializeOnLoad (1ms)
				ProcessInitializeOnLoadAttributes (166ms)
				ProcessInitializeOnLoadMethodAttributes (54ms)
				AfterProcessingInitializeOnLoad (0ms)
				EditorAssembliesLoaded (0ms)
			ExecutionOrderSort2 (0ms)
			AwakeInstancesAfterBackupRestoration (0ms)
Platform modules already initialized, skipping
Registering precompiled user dll's ...
Registered in 0.012487 seconds.
Begin MonoManager ReloadAssembly
Symbol file LoadedFromMemory doesn't match image C:\Users\timos\OneDrive\Documenten\Unity_projecten\Building_Playfull_World_2\Library\PackageCache\com.unity.visualscripting@1.7.8\Editor\VisualScripting.Core\Dependencies\YamlDotNet\Unity.VisualScripting.YamlDotNet.dll
Symbol file LoadedFromMemory doesn't match image C:\Users\timos\OneDrive\Documenten\Unity_projecten\Building_Playfull_World_2\Library\PackageCache\com.unity.visualscripting@1.7.8\Editor\VisualScripting.Core\Dependencies\DotNetZip\Unity.VisualScripting.IonicZip.dll
Native extension for WindowsStandalone target not found
Refreshing native plugins compatible for Editor in 169.02 ms, found 3 plugins.
Preloading 0 native plugins for Editor in 0.00 ms.
Mono: successfully reloaded assembly
- Completed reload, in  1.668 seconds
Domain Reload Profiling:
	ReloadAssembly (1669ms)
		BeginReloadAssembly (129ms)
			ExecutionOrderSort (0ms)
			DisableScriptedObjects (5ms)
			BackupInstance (0ms)
			ReleaseScriptingObjects (0ms)
			CreateAndSetChildDomain (25ms)
		EndReloadAssembly (1406ms)
			LoadAssemblies (108ms)
			RebuildTransferFunctionScriptingTraits (0ms)
			SetupTypeCache (379ms)
			ReleaseScriptCaches (1ms)
			RebuildScriptCaches (102ms)
			SetupLoadedEditorAssemblies (770ms)
				LogAssemblyErrors (0ms)
				InitializePlatformSupportModulesInManaged (5ms)
				SetLoadedEditorAssemblies (0ms)
				RefreshPlugins (169ms)
				BeforeProcessingInitializeOnLoad (156ms)
				ProcessInitializeOnLoadAttributes (335ms)
				ProcessInitializeOnLoadMethodAttributes (97ms)
				AfterProcessingInitializeOnLoad (7ms)
				EditorAssembliesLoaded (0ms)
			ExecutionOrderSort2 (0ms)
			AwakeInstancesAfterBackupRestoration (6ms)
Platform modules already initialized, skipping
========================================================================
Worker process is ready to serve import requests
Launched and connected shader compiler UnityShaderCompiler.exe after 0.05 seconds
Refreshing native plugins compatible for Editor in 2.21 ms, found 3 plugins.
Preloading 0 native plugins for Editor in 0.00 ms.
Unloading 5874 Unused Serialized files (Serialized files now loaded: 0)
Unloading 38 unused Assets / (97.2 MB). Loaded Objects now: 6354.
Memory consumption went from 264.8 MB to 167.7 MB.
Total: 10.799900 ms (FindLiveObjects: 0.523100 ms CreateObjectMapping: 0.572400 ms MarkObjects: 8.913000 ms  DeleteObjects: 0.790200 ms)

AssetImportParameters requested are different than current active one (requested -> active):
  custom:video-decoder-ogg-theora: a1e56fd34408186e4bbccfd4996cb3dc -> 
  custom:container-muxer-webm: aa71ff27fc2769a1b78a27578f13a17b -> 
  custom:container-demuxer-webm: 4f35f7cbe854078d1ac9338744f61a02 -> 
  custom:video-encoder-webm-vp8: eb34c28f22e8b96e1ab97ce403110664 -> 
  custom:video-codec-MediaFoundation-h265: 746d11721c4dcdbdad8f713fa42b33f4 -> 
  custom:audio-encoder-webm-vorbis: bf7c407c2cedff20999df2af8eb42d56 -> 
  custom:framework-win-MediaFoundation: 216162199b28c13a410421893ffa2e32 -> 
  custom:container-demuxer-ogg: 62fdf1f143b41e24485cea50d1cbac27 -> 
  custom:video-decoder-webm-vp8: 9c59270c3fd7afecdb556c50c9e8de78 -> 
  custom:audio-decoder-ogg-vorbis: bf7c407c2cedff20999df2af8eb42d56 -> 
========================================================================
Received Import Request.
  Time since last request: 51136.736436 seconds.
  path: Packages/com.unity.collab-proxy/Editor/PlasticSCM/Assets/Images/d_buttonssosigninemail@2x.png
  artifactKey: Guid(144aa74618b85974a9a50f612c2fa8fd) Importer(815301076,1909f56bfc062723c751e8b465ee728b)
Start importing Packages/com.unity.collab-proxy/Editor/PlasticSCM/Assets/Images/d_buttonssosigninemail@2x.png using Guid(144aa74618b85974a9a50f612c2fa8fd) Importer(815301076,1909f56bfc062723c751e8b465ee728b)  -> (artifact id: '117f1baa914eee03daf9d96387a770d0') in 0.137138 seconds 
========================================================================
Received Import Request.
  Time since last request: 0.000030 seconds.
  path: Packages/com.unity.collab-proxy/Editor/PlasticSCM/Assets/Images/iconlockedremoteoverlay@2x.png
  artifactKey: Guid(f73a7d8758d7be04588b15637d94b5a8) Importer(815301076,1909f56bfc062723c751e8b465ee728b)
Start importing Packages/com.unity.collab-proxy/Editor/PlasticSCM/Assets/Images/iconlockedremoteoverlay@2x.png using Guid(f73a7d8758d7be04588b15637d94b5a8) Importer(815301076,1909f56bfc062723c751e8b465ee728b)  -> (artifact id: '353df97e791ba8bc08dabb1a606b0333') in 0.032067 seconds 
========================================================================
Received Import Request.
  Time since last request: 0.000053 seconds.
  path: Packages/com.unity.timeline/Editor/StyleSheets/Images/Icons/d_TimelineCollapseMarkerButtonEnabled.png
  artifactKey: Guid(2446ee609b613cd4e9142ccc55cb7c43) Importer(815301076,1909f56bfc062723c751e8b465ee728b)
Start importing Packages/com.unity.timeline/Editor/StyleSheets/Images/Icons/d_TimelineCollapseMarkerButtonEnabled.png using Guid(2446ee609b613cd4e9142ccc55cb7c43) Importer(815301076,1909f56bfc062723c751e8b465ee728b)  -> (artifact id: 'e83c812064b82b5a29dfe02af35780cf') in 0.025488 seconds 
========================================================================
Received Import Request.
  Time since last request: 0.000042 seconds.
  path: Packages/com.unity.collab-proxy/Editor/PlasticSCM/Assets/Images/d_iconlockedremoteoverlay@2x.png
  artifactKey: Guid(2bb4e96f5d0b02c468932d665a015c54) Importer(815301076,1909f56bfc062723c751e8b465ee728b)
Start importing Packages/com.unity.collab-proxy/Editor/PlasticSCM/Assets/Images/d_iconlockedremoteoverlay@2x.png using Guid(2bb4e96f5d0b02c468932d665a015c54) Importer(815301076,1909f56bfc062723c751e8b465ee728b)  -> (artifact id: '0e54b9df0b01cda5dd45faf5fa11233a') in 0.027050 seconds 
========================================================================
Received Import Request.
  Time since last request: 0.000034 seconds.
  path: Packages/com.unity.timeline/Editor/StyleSheets/Images/Icons/d_TimelineEditModeMixON.png
  artifactKey: Guid(7c681ffb5a436684fa3e98a9b66775c0) Importer(815301076,1909f56bfc062723c751e8b465ee728b)
Start importing Packages/com.unity.timeline/Editor/StyleSheets/Images/Icons/d_TimelineEditModeMixON.png using Guid(7c681ffb5a436684fa3e98a9b66775c0) Importer(815301076,1909f56bfc062723c751e8b465ee728b)  -> (artifact id: '43131105a2ea8c42a3ebeec72ec07de7') in 0.023997 seconds 
========================================================================
Received Import Request.
  Time since last request: 0.000032 seconds.
  path: Packages/com.unity.collab-proxy/Editor/PlasticSCM/Assets/Images/iconemptygravatar@2x.png
  artifactKey: Guid(da545229eea36164d8b8cba2f75a1143) Importer(815301076,1909f56bfc062723c751e8b465ee728b)
Start importing Packages/com.unity.collab-proxy/Editor/PlasticSCM/Assets/Images/iconemptygravatar@2x.png using Guid(da545229eea36164d8b8cba2f75a1143) Importer(815301076,1909f56bfc062723c751e8b465ee728b)  -> (artifact id: '3d67287eee5041e997c642dac2aab6d8') in 0.028980 seconds 
========================================================================
Received Import Request.
  Time since last request: 537.845565 seconds.
  path: Assets/All_Hologram_machine/mat_Hologram_machine.mat
  artifactKey: Guid(80db09dd48a982242b25512f096acb0b) Importer(815301076,1909f56bfc062723c751e8b465ee728b)
Start importing Assets/All_Hologram_machine/mat_Hologram_machine.mat using Guid(80db09dd48a982242b25512f096acb0b) Importer(815301076,1909f56bfc062723c751e8b465ee728b)  -> (artifact id: 'ef02d54fe5f31d4046bd278c67e9fbf0') in 0.746280 seconds 
========================================================================
Received Prepare
Registering precompiled user dll's ...
Registered in 0.007936 seconds.
Begin MonoManager ReloadAssembly
Symbol file LoadedFromMemory doesn't match image C:\Users\timos\OneDrive\Documenten\Unity_projecten\Building_Playfull_World_2\Library\PackageCache\com.unity.visualscripting@1.7.8\Editor\VisualScripting.Core\Dependencies\YamlDotNet\Unity.VisualScripting.YamlDotNet.dll
Symbol file LoadedFromMemory doesn't match image C:\Users\timos\OneDrive\Documenten\Unity_projecten\Building_Playfull_World_2\Library\PackageCache\com.unity.visualscripting@1.7.8\Editor\VisualScripting.Core\Dependencies\DotNetZip\Unity.VisualScripting.IonicZip.dll
Native extension for WindowsStandalone target not found
Refreshing native plugins compatible for Editor in 2.49 ms, found 3 plugins.
Preloading 0 native plugins for Editor in 0.00 ms.
Mono: successfully reloaded assembly
- Completed reload, in  1.411 seconds
Domain Reload Profiling:
	ReloadAssembly (1412ms)
		BeginReloadAssembly (146ms)
			ExecutionOrderSort (0ms)
			DisableScriptedObjects (6ms)
			BackupInstance (0ms)
			ReleaseScriptingObjects (0ms)
			CreateAndSetChildDomain (52ms)
		EndReloadAssembly (1173ms)
			LoadAssemblies (87ms)
			RebuildTransferFunctionScriptingTraits (0ms)
			SetupTypeCache (328ms)
			ReleaseScriptCaches (3ms)
			RebuildScriptCaches (93ms)
			SetupLoadedEditorAssemblies (553ms)
				LogAssemblyErrors (0ms)
				InitializePlatformSupportModulesInManaged (14ms)
				SetLoadedEditorAssemblies (1ms)
				RefreshPlugins (3ms)
				BeforeProcessingInitializeOnLoad (117ms)
				ProcessInitializeOnLoadAttributes (315ms)
				ProcessInitializeOnLoadMethodAttributes (96ms)
				AfterProcessingInitializeOnLoad (7ms)
				EditorAssembliesLoaded (0ms)
			ExecutionOrderSort2 (0ms)
			AwakeInstancesAfterBackupRestoration (18ms)
Platform modules already initialized, skipping
Refreshing native plugins compatible for Editor in 4.37 ms, found 3 plugins.
Preloading 0 native plugins for Editor in 0.00 ms.
Unloading 5710 Unused Serialized files (Serialized files now loaded: 0)
Unloading 31 unused Assets / (1.8 MB). Loaded Objects now: 6452.
Memory consumption went from 260.2 MB to 258.4 MB.
Total: 7.437700 ms (FindLiveObjects: 0.954700 ms CreateObjectMapping: 0.574600 ms MarkObjects: 4.795300 ms  DeleteObjects: 1.110300 ms)

AssetImportParameters requested are different than current active one (requested -> active):
  custom:video-decoder-ogg-theora: a1e56fd34408186e4bbccfd4996cb3dc -> 
  custom:container-muxer-webm: aa71ff27fc2769a1b78a27578f13a17b -> 
  custom:container-demuxer-webm: 4f35f7cbe854078d1ac9338744f61a02 -> 
  custom:video-encoder-webm-vp8: eb34c28f22e8b96e1ab97ce403110664 -> 
  custom:video-codec-MediaFoundation-h265: 746d11721c4dcdbdad8f713fa42b33f4 -> 
  custom:audio-encoder-webm-vorbis: bf7c407c2cedff20999df2af8eb42d56 -> 
  custom:framework-win-MediaFoundation: 216162199b28c13a410421893ffa2e32 -> 
  custom:container-demuxer-ogg: 62fdf1f143b41e24485cea50d1cbac27 -> 
  custom:video-decoder-webm-vp8: 9c59270c3fd7afecdb556c50c9e8de78 -> 
  custom:audio-decoder-ogg-vorbis: bf7c407c2cedff20999df2af8eb42d56 -> 
========================================================================
Received Import Request.
  Time since last request: 897.730137 seconds.
  path: Assets/Standard Assets/Environment/TerrainAssets/SurfaceTextures/GrassHillAlbedo.psd
  artifactKey: Guid(c6e0767b1f8c34890ac245217f4b9731) Importer(815301076,1909f56bfc062723c751e8b465ee728b)
Start importing Assets/Standard Assets/Environment/TerrainAssets/SurfaceTextures/GrassHillAlbedo.psd using Guid(c6e0767b1f8c34890ac245217f4b9731) Importer(815301076,1909f56bfc062723c751e8b465ee728b)  -> (artifact id: 'd5d424b2149d2aa86b798163fc3ac687') in 0.103549 seconds 
========================================================================
Received Import Request.
  Time since last request: 0.000040 seconds.
  path: Assets/Standard Assets/Environment/TerrainAssets/SurfaceTextures/MudRockyNormals.bmp
  artifactKey: Guid(58a059b07b093a745b47c2191525ddce) Importer(815301076,1909f56bfc062723c751e8b465ee728b)
Start importing Assets/Standard Assets/Environment/TerrainAssets/SurfaceTextures/MudRockyNormals.bmp using Guid(58a059b07b093a745b47c2191525ddce) Importer(815301076,1909f56bfc062723c751e8b465ee728b)  -> (artifact id: '17f574afe5ace7a73f6b8a0ee879b285') in 0.037781 seconds 
========================================================================
Received Import Request.
  Time since last request: 0.000038 seconds.
  path: Assets/Standard Assets/Environment/TerrainAssets/SurfaceTextures/GrassRockyAlbedo.psd
  artifactKey: Guid(440eb36db91ca410f800ff3cfe43572f) Importer(815301076,1909f56bfc062723c751e8b465ee728b)
Start importing Assets/Standard Assets/Environment/TerrainAssets/SurfaceTextures/GrassRockyAlbedo.psd using Guid(440eb36db91ca410f800ff3cfe43572f) Importer(815301076,1909f56bfc062723c751e8b465ee728b)  -> (artifact id: 'd2bdb013aaad3ca426c2b40d3e90af34') in 0.027159 seconds 
========================================================================
Received Import Request.
  Time since last request: 139.464605 seconds.
  path: Assets/All_mesh_Assets/OutPost/Resources/Assets/Rubbish01.fbx
  artifactKey: Guid(5dd8e840fde3e134f8c72ed18877b507) Importer(815301076,1909f56bfc062723c751e8b465ee728b)
Start importing Assets/All_mesh_Assets/OutPost/Resources/Assets/Rubbish01.fbx using Guid(5dd8e840fde3e134f8c72ed18877b507) Importer(815301076,1909f56bfc062723c751e8b465ee728b)  -> (artifact id: '9c114a6f7d833fba23e0c32043ff06b0') in 0.251022 seconds 
========================================================================
Received Import Request.
  Time since last request: 0.000037 seconds.
  path: Assets/All_mesh_Assets/OutPost/Resources/Assets/signs.fbx
  artifactKey: Guid(1efed778b46e6a04595a54dc4e38fda3) Importer(815301076,1909f56bfc062723c751e8b465ee728b)
Start importing Assets/All_mesh_Assets/OutPost/Resources/Assets/signs.fbx using Guid(1efed778b46e6a04595a54dc4e38fda3) Importer(815301076,1909f56bfc062723c751e8b465ee728b)  -> (artifact id: '104623626c52420b53e6f9039f850cf1') in 0.123238 seconds 
========================================================================
Received Import Request.
  Time since last request: 0.000043 seconds.
  path: Assets/All_mesh_Assets/OutPost/Resources/Assets/Sewer.fbx
  artifactKey: Guid(f1817119ef93ceb41909a5f3d71c1e53) Importer(815301076,1909f56bfc062723c751e8b465ee728b)
Start importing Assets/All_mesh_Assets/OutPost/Resources/Assets/Sewer.fbx using Guid(f1817119ef93ceb41909a5f3d71c1e53) Importer(815301076,1909f56bfc062723c751e8b465ee728b)  -> (artifact id: 'b2e53cc05bb51f934b69c9c718187df9') in 0.027918 seconds 
========================================================================
Received Import Request.
  Time since last request: 14.753513 seconds.
  path: Assets/All_mesh_Assets/OutPost/Resources/Assets/Materials/aires.mat
  artifactKey: Guid(5c42f21b11ecd0d4fb7fd2086222ff96) Importer(815301076,1909f56bfc062723c751e8b465ee728b)
Start importing Assets/All_mesh_Assets/OutPost/Resources/Assets/Materials/aires.mat using Guid(5c42f21b11ecd0d4fb7fd2086222ff96) Importer(815301076,1909f56bfc062723c751e8b465ee728b)  -> (artifact id: '222432ad7d6cadc85ce2edc3c7d34f82') in 0.029841 seconds 
========================================================================
Received Import Request.
  Time since last request: 0.000028 seconds.
  path: Assets/All_mesh_Assets/OutPost/Resources/Assets/Materials/Parkimeter-flatiron_bake_result39.mat
  artifactKey: Guid(491bd4f991a68394db47b29cc82c4b1a) Importer(815301076,1909f56bfc062723c751e8b465ee728b)
Start importing Assets/All_mesh_Assets/OutPost/Resources/Assets/Materials/Parkimeter-flatiron_bake_result39.mat using Guid(491bd4f991a68394db47b29cc82c4b1a) Importer(815301076,1909f56bfc062723c751e8b465ee728b)  -> (artifact id: '200d60f1b257c234c21ce77f1cac3cc5') in 0.021538 seconds 
========================================================================
Received Import Request.
  Time since last request: 0.000029 seconds.
  path: Assets/All_mesh_Assets/OutPost/Resources/Assets/Materials/Basket04-flatiron_bake_result38.mat
  artifactKey: Guid(1dfb15f573d465c49bb935dfeffec9b2) Importer(815301076,1909f56bfc062723c751e8b465ee728b)
Start importing Assets/All_mesh_Assets/OutPost/Resources/Assets/Materials/Basket04-flatiron_bake_result38.mat using Guid(1dfb15f573d465c49bb935dfeffec9b2) Importer(815301076,1909f56bfc062723c751e8b465ee728b)  -> (artifact id: '303c7d201822be50e9aefbe70e17ee5a') in 0.021498 seconds 
========================================================================
Received Import Request.
  Time since last request: 0.000042 seconds.
  path: Assets/All_mesh_Assets/OutPost/Resources/Assets/Materials/cartelBlock04.mat
  artifactKey: Guid(37e41c0cce4888547999f2fdb61ab441) Importer(815301076,1909f56bfc062723c751e8b465ee728b)
Start importing Assets/All_mesh_Assets/OutPost/Resources/Assets/Materials/cartelBlock04.mat using Guid(37e41c0cce4888547999f2fdb61ab441) Importer(815301076,1909f56bfc062723c751e8b465ee728b)  -> (artifact id: '584aacafc6149379fbb3aa1abffe0bba') in 0.023445 seconds 
========================================================================
Received Import Request.
  Time since last request: 0.000094 seconds.
  path: Assets/All_mesh_Assets/OutPost/Resources/Assets/Materials/BuildingsHighRise0308_2_L.mat
  artifactKey: Guid(4163eed1be5797e43a547d5f484f42a3) Importer(815301076,1909f56bfc062723c751e8b465ee728b)
Start importing Assets/All_mesh_Assets/OutPost/Resources/Assets/Materials/BuildingsHighRise0308_2_L.mat using Guid(4163eed1be5797e43a547d5f484f42a3) Importer(815301076,1909f56bfc062723c751e8b465ee728b)  -> (artifact id: '1379c4af40868b1f184608292c75097e') in 0.023373 seconds 
========================================================================
Received Import Request.
  Time since last request: 0.000029 seconds.
  path: Assets/All_mesh_Assets/OutPost/Resources/Assets/Materials/BigY_onlyBest_dots.mat
  artifactKey: Guid(fe27fbbb312906d4e953a8f73f03cdf9) Importer(815301076,1909f56bfc062723c751e8b465ee728b)
Start importing Assets/All_mesh_Assets/OutPost/Resources/Assets/Materials/BigY_onlyBest_dots.mat using Guid(fe27fbbb312906d4e953a8f73f03cdf9) Importer(815301076,1909f56bfc062723c751e8b465ee728b)  -> (artifact id: 'f4f77381f5feb19adc6fc8f7ef39802e') in 0.021865 seconds 
========================================================================
Received Import Request.
  Time since last request: 0.000034 seconds.
  path: Assets/All_mesh_Assets/OutPost/Resources/Assets/Materials/AiresBlock07.mat
  artifactKey: Guid(727d7ef164747c74ab70618fdb4dfb0d) Importer(815301076,1909f56bfc062723c751e8b465ee728b)
Start importing Assets/All_mesh_Assets/OutPost/Resources/Assets/Materials/AiresBlock07.mat using Guid(727d7ef164747c74ab70618fdb4dfb0d) Importer(815301076,1909f56bfc062723c751e8b465ee728b)  -> (artifact id: '7316b7f3ffe2ad05b558ab6900432fac') in 0.022170 seconds 
========================================================================
Received Import Request.
  Time since last request: 0.000082 seconds.
  path: Assets/All_mesh_Assets/OutPost/Resources/Assets/Materials/Podium_wood3.mat
  artifactKey: Guid(dde39ba2b154b1e40aec56b24cea7c49) Importer(815301076,1909f56bfc062723c751e8b465ee728b)
Start importing Assets/All_mesh_Assets/OutPost/Resources/Assets/Materials/Podium_wood3.mat using Guid(dde39ba2b154b1e40aec56b24cea7c49) Importer(815301076,1909f56bfc062723c751e8b465ee728b)  -> (artifact id: '7e2a6feba71a938d24663e32de292436') in 0.031757 seconds 
========================================================================
Received Import Request.
  Time since last request: 0.000033 seconds.
  path: Assets/All_mesh_Assets/OutPost/Resources/Assets/Materials/Chairs-M_wood.mat
  artifactKey: Guid(b67168781c3b9244e9fdb56ae44348a4) Importer(815301076,1909f56bfc062723c751e8b465ee728b)
Start importing Assets/All_mesh_Assets/OutPost/Resources/Assets/Materials/Chairs-M_wood.mat using Guid(b67168781c3b9244e9fdb56ae44348a4) Importer(815301076,1909f56bfc062723c751e8b465ee728b)  -> (artifact id: 'f33a105974a26d0e2c7a51898f4e88a0') in 0.025689 seconds 
========================================================================
Received Import Request.
  Time since last request: 0.000050 seconds.
  path: Assets/All_mesh_Assets/OutPost/Resources/Assets/Materials/BuildingsHighRise0292_2_L.mat
  artifactKey: Guid(143a25748a831324cbbc60e0aac70ebe) Importer(815301076,1909f56bfc062723c751e8b465ee728b)
Start importing Assets/All_mesh_Assets/OutPost/Resources/Assets/Materials/BuildingsHighRise0292_2_L.mat using Guid(143a25748a831324cbbc60e0aac70ebe) Importer(815301076,1909f56bfc062723c751e8b465ee728b)  -> (artifact id: 'bc941edf87d44675cb004e35a24322ea') in 0.023300 seconds 
========================================================================
Received Import Request.
  Time since last request: 0.000055 seconds.
  path: Assets/All_mesh_Assets/OutPost/Resources/Assets/Materials/BuildingsHighRise0308_2_L wall.mat
  artifactKey: Guid(cf75bb330b45e9b4a92ec9d0b3d48bec) Importer(815301076,1909f56bfc062723c751e8b465ee728b)
Start importing Assets/All_mesh_Assets/OutPost/Resources/Assets/Materials/BuildingsHighRise0308_2_L wall.mat using Guid(cf75bb330b45e9b4a92ec9d0b3d48bec) Importer(815301076,1909f56bfc062723c751e8b465ee728b)  -> (artifact id: '2fab246f81adbcbfdc0f33002ca1f4f6') in 0.022449 seconds 
========================================================================
Received Import Request.
  Time since last request: 0.000033 seconds.
  path: Assets/All_mesh_Assets/OutPost/Resources/Assets/Materials/ConcreteNew0024_2_S_2.mat
  artifactKey: Guid(b926f68be080ef44abdb11f5e289cf95) Importer(815301076,1909f56bfc062723c751e8b465ee728b)
Start importing Assets/All_mesh_Assets/OutPost/Resources/Assets/Materials/ConcreteNew0024_2_S_2.mat using Guid(b926f68be080ef44abdb11f5e289cf95) Importer(815301076,1909f56bfc062723c751e8b465ee728b)  -> (artifact id: 'f3d808b7eb2e0fe516271137e963dcf2') in 0.023568 seconds 
========================================================================
Received Import Request.
  Time since last request: 0.000038 seconds.
  path: Assets/All_mesh_Assets/OutPost/Resources/Assets/Materials/Panel00-flatiron_bake_result.mat
  artifactKey: Guid(b51b47a5cbcad5e4dbb170c878a33c21) Importer(815301076,1909f56bfc062723c751e8b465ee728b)
Start importing Assets/All_mesh_Assets/OutPost/Resources/Assets/Materials/Panel00-flatiron_bake_result.mat using Guid(b51b47a5cbcad5e4dbb170c878a33c21) Importer(815301076,1909f56bfc062723c751e8b465ee728b)  -> (artifact id: '8c46c9d26453e87fe00fb37949ba19f2') in 0.019744 seconds 
========================================================================
Received Import Request.
  Time since last request: 3.256124 seconds.
  path: Assets/All_mesh_Assets/OutPost/Resources/Assets/Materials/semaforo-flatiron_bake_result33.mat
  artifactKey: Guid(a53a77f188e650c42bf36c10e4209503) Importer(815301076,1909f56bfc062723c751e8b465ee728b)
Start importing Assets/All_mesh_Assets/OutPost/Resources/Assets/Materials/semaforo-flatiron_bake_result33.mat using Guid(a53a77f188e650c42bf36c10e4209503) Importer(815301076,1909f56bfc062723c751e8b465ee728b)  -> (artifact id: '83303124189f612a91e47f46b09d74dc') in 0.020348 seconds 
========================================================================
Received Import Request.
  Time since last request: 0.000044 seconds.
  path: Assets/All_mesh_Assets/OutPost/Resources/Assets/Materials/semaforo-flatiron_bake_result34.mat
  artifactKey: Guid(b50197225ebe91c49a5ac19ab0320f3b) Importer(815301076,1909f56bfc062723c751e8b465ee728b)
Start importing Assets/All_mesh_Assets/OutPost/Resources/Assets/Materials/semaforo-flatiron_bake_result34.mat using Guid(b50197225ebe91c49a5ac19ab0320f3b) Importer(815301076,1909f56bfc062723c751e8b465ee728b)  -> (artifact id: '999a85be2b812bf94e7c6b15ea647b0a') in 0.017841 seconds 
========================================================================
Received Import Request.
  Time since last request: 2.023316 seconds.
  path: Assets/All_mesh_Assets/OutPost/Resources/Assets/Materials/Shops0019_M_2.mat
  artifactKey: Guid(3b3b4cedf5a2fe54b954be13db09a466) Importer(815301076,1909f56bfc062723c751e8b465ee728b)
Start importing Assets/All_mesh_Assets/OutPost/Resources/Assets/Materials/Shops0019_M_2.mat using Guid(3b3b4cedf5a2fe54b954be13db09a466) Importer(815301076,1909f56bfc062723c751e8b465ee728b)  -> (artifact id: '0aef163a36339613c1cacd413ad19625') in 0.026540 seconds 
========================================================================
Received Import Request.
  Time since last request: 0.000058 seconds.
  path: Assets/All_mesh_Assets/OutPost/Resources/Assets/Materials/Shops0130_2_M_03.mat
  artifactKey: Guid(9ecc8f6d4e93430418e49a3744b147cc) Importer(815301076,1909f56bfc062723c751e8b465ee728b)
Start importing Assets/All_mesh_Assets/OutPost/Resources/Assets/Materials/Shops0130_2_M_03.mat using Guid(9ecc8f6d4e93430418e49a3744b147cc) Importer(815301076,1909f56bfc062723c751e8b465ee728b)  -> (artifact id: 'c3212c14b4db070276c04b28b99c65cd') in 0.022563 seconds 
========================================================================
Received Import Request.
  Time since last request: 0.000033 seconds.
  path: Assets/All_mesh_Assets/OutPost/Resources/Assets/Materials/Shops0217_M_3.mat
  artifactKey: Guid(a2b80fe639cdaad4a8413a2da9902efe) Importer(815301076,1909f56bfc062723c751e8b465ee728b)
Start importing Assets/All_mesh_Assets/OutPost/Resources/Assets/Materials/Shops0217_M_3.mat using Guid(a2b80fe639cdaad4a8413a2da9902efe) Importer(815301076,1909f56bfc062723c751e8b465ee728b)  -> (artifact id: '91d588a9a22dbcc531c6688c520c5557') in 0.021263 seconds 
========================================================================
Received Import Request.
  Time since last request: 0.000058 seconds.
  path: Assets/All_mesh_Assets/OutPost/Resources/Assets/Materials/Tejado01Block01_5.mat
  artifactKey: Guid(d9258b0e167f30940918c1c896bc06ca) Importer(815301076,1909f56bfc062723c751e8b465ee728b)
Start importing Assets/All_mesh_Assets/OutPost/Resources/Assets/Materials/Tejado01Block01_5.mat using Guid(d9258b0e167f30940918c1c896bc06ca) Importer(815301076,1909f56bfc062723c751e8b465ee728b)  -> (artifact id: '31f65794d0a8f3e673c47ee517fa2477') in 0.021141 seconds 
========================================================================
Received Import Request.
  Time since last request: 0.000041 seconds.
  path: Assets/All_mesh_Assets/OutPost/Resources/Assets/Materials/sign-cocacola2.mat
  artifactKey: Guid(4c20910ae00bf36499cda9fd69a1d829) Importer(815301076,1909f56bfc062723c751e8b465ee728b)
Start importing Assets/All_mesh_Assets/OutPost/Resources/Assets/Materials/sign-cocacola2.mat using Guid(4c20910ae00bf36499cda9fd69a1d829) Importer(815301076,1909f56bfc062723c751e8b465ee728b)  -> (artifact id: '5d9d1582da02a1d6ff2d738b0fb4730b') in 0.022464 seconds 
========================================================================
Received Import Request.
  Time since last request: 0.000031 seconds.
  path: Assets/All_mesh_Assets/OutPost/Resources/Assets/Materials/Tejado01Block01_0.mat
  artifactKey: Guid(00875305f8c584c4ab4639dc913fd410) Importer(815301076,1909f56bfc062723c751e8b465ee728b)
Start importing Assets/All_mesh_Assets/OutPost/Resources/Assets/Materials/Tejado01Block01_0.mat using Guid(00875305f8c584c4ab4639dc913fd410) Importer(815301076,1909f56bfc062723c751e8b465ee728b)  -> (artifact id: '583ed0e46d3ed34ded54ef935c7317b2') in 0.021869 seconds 
========================================================================
Received Import Request.
  Time since last request: 0.000036 seconds.
  path: Assets/All_mesh_Assets/OutPost/Resources/Assets/Materials/Tejado01Block01_4.mat
  artifactKey: Guid(2192e981c41b1234c9c3b1fb2483aec7) Importer(815301076,1909f56bfc062723c751e8b465ee728b)
Start importing Assets/All_mesh_Assets/OutPost/Resources/Assets/Materials/Tejado01Block01_4.mat using Guid(2192e981c41b1234c9c3b1fb2483aec7) Importer(815301076,1909f56bfc062723c751e8b465ee728b)  -> (artifact id: '9a211bf99dae44a4d1c4adf81dc5aa49') in 0.021277 seconds 
========================================================================
Received Import Request.
  Time since last request: 0.000046 seconds.
  path: Assets/All_mesh_Assets/OutPost/Resources/Assets/Materials/Tejado01Block01_3.mat
  artifactKey: Guid(98a3a9b1fd2533845a925e6f60eaf602) Importer(815301076,1909f56bfc062723c751e8b465ee728b)
Start importing Assets/All_mesh_Assets/OutPost/Resources/Assets/Materials/Tejado01Block01_3.mat using Guid(98a3a9b1fd2533845a925e6f60eaf602) Importer(815301076,1909f56bfc062723c751e8b465ee728b)  -> (artifact id: '89b26fc5d1f3644ffcec878993259425') in 0.023774 seconds 
========================================================================
Received Import Request.
  Time since last request: 42.712715 seconds.
  path: Assets/All_mesh_Assets/Flooded_Grounds/Prefabs/Nature/Grass/Grass_Small_C.prefab
  artifactKey: Guid(1d2935b10b358a344ad9cf0a415ea3fb) Importer(815301076,1909f56bfc062723c751e8b465ee728b)
Start importing Assets/All_mesh_Assets/Flooded_Grounds/Prefabs/Nature/Grass/Grass_Small_C.prefab using Guid(1d2935b10b358a344ad9cf0a415ea3fb) Importer(815301076,1909f56bfc062723c751e8b465ee728b)  -> (artifact id: '6ac861b2668fd37edacbebf68b25239a') in 0.045775 seconds 
========================================================================
Received Import Request.
  Time since last request: 0.000028 seconds.
  path: Assets/All_mesh_Assets/Flooded_Grounds/Prefabs/Nature/Grass/Grass_Tall_B.prefab
  artifactKey: Guid(0afb191bb5d4e8c47b6fddcd5b8c8bea) Importer(815301076,1909f56bfc062723c751e8b465ee728b)
Start importing Assets/All_mesh_Assets/Flooded_Grounds/Prefabs/Nature/Grass/Grass_Tall_B.prefab using Guid(0afb191bb5d4e8c47b6fddcd5b8c8bea) Importer(815301076,1909f56bfc062723c751e8b465ee728b)  -> (artifact id: '5fa47232d33a0f4657d2d3ba80c94e03') in 0.038685 seconds 
========================================================================
Received Import Request.
  Time since last request: 0.000047 seconds.
  path: Assets/All_mesh_Assets/Flooded_Grounds/Prefabs/Nature/Grass/Grass_Tall_A.prefab
  artifactKey: Guid(303e052397d101d4593b4a0653331030) Importer(815301076,1909f56bfc062723c751e8b465ee728b)
Start importing Assets/All_mesh_Assets/Flooded_Grounds/Prefabs/Nature/Grass/Grass_Tall_A.prefab using Guid(303e052397d101d4593b4a0653331030) Importer(815301076,1909f56bfc062723c751e8b465ee728b)  -> (artifact id: 'ddd51c202b793f77607ec5c3ea44fc20') in 0.032154 seconds 
========================================================================
Received Import Request.
  Time since last request: 91.529794 seconds.
  path: Packages/com.unity.collab-proxy/Editor/Collaborate/Assets/Icons/collaborate-progress-dark@2x.png
  artifactKey: Guid(116a8defb66aa304d97c1fd15f044486) Importer(815301076,1909f56bfc062723c751e8b465ee728b)
Start importing Packages/com.unity.collab-proxy/Editor/Collaborate/Assets/Icons/collaborate-progress-dark@2x.png using Guid(116a8defb66aa304d97c1fd15f044486) Importer(815301076,1909f56bfc062723c751e8b465ee728b)  -> (artifact id: '61306d788a1d31f93dd88508c0ca8959') in 0.033776 seconds 
========================================================================
Received Import Request.
  Time since last request: 0.000039 seconds.
  path: Packages/com.unity.collab-proxy/Editor/Collaborate/Assets/Icons/collaborate-progress-light@2x.png
  artifactKey: Guid(ae9e7828f0813b04fbe3f839422b2289) Importer(815301076,1909f56bfc062723c751e8b465ee728b)
Start importing Packages/com.unity.collab-proxy/Editor/Collaborate/Assets/Icons/collaborate-progress-light@2x.png using Guid(ae9e7828f0813b04fbe3f839422b2289) Importer(815301076,1909f56bfc062723c751e8b465ee728b)  -> (artifact id: 'a38e374c7f4cb8224f4c589810136288') in 0.022544 seconds 
========================================================================
Received Import Request.
  Time since last request: 0.000062 seconds.
  path: Assets/Standard Assets/Environment/TerrainAssets/BillboardTextures/GrassFrond01AlbedoAlpha.psd
  artifactKey: Guid(2c528fec5d95e4ac28cf46399b887662) Importer(815301076,1909f56bfc062723c751e8b465ee728b)
Start importing Assets/Standard Assets/Environment/TerrainAssets/BillboardTextures/GrassFrond01AlbedoAlpha.psd using Guid(2c528fec5d95e4ac28cf46399b887662) Importer(815301076,1909f56bfc062723c751e8b465ee728b)  -> (artifact id: '7218057eed3eb34cb6d4d352cefd0a61') in 0.024386 seconds 
========================================================================
Received Import Request.
  Time since last request: 0.000052 seconds.
  path: Packages/com.unity.collab-proxy/Editor/Collaborate/Assets/Icons/collaborate-progress-light.png
  artifactKey: Guid(98eea3a123f8b4c468b7e43d0ff3c232) Importer(815301076,1909f56bfc062723c751e8b465ee728b)
Start importing Packages/com.unity.collab-proxy/Editor/Collaborate/Assets/Icons/collaborate-progress-light.png using Guid(98eea3a123f8b4c468b7e43d0ff3c232) Importer(815301076,1909f56bfc062723c751e8b465ee728b)  -> (artifact id: '36c4fea82e4f256452c9a821378cac32') in 0.024557 seconds 
========================================================================
Received Import Request.
  Time since last request: 0.000051 seconds.
  path: Assets/Standard Assets/Effects/Projectors/Textures/Grid.psd
  artifactKey: Guid(529239097d02f9f42b0ddd436c6fcbb0) Importer(815301076,1909f56bfc062723c751e8b465ee728b)
Start importing Assets/Standard Assets/Effects/Projectors/Textures/Grid.psd using Guid(529239097d02f9f42b0ddd436c6fcbb0) Importer(815301076,1909f56bfc062723c751e8b465ee728b)  -> (artifact id: '882f9a72ead7542a6cf66095dc14a7b3') in 0.023020 seconds 
Editor requested this worker to shutdown with reason: Scaling down because of idle timeout
AssetImportWorker is now disconnected from the server
Process exiting
Exiting without the bug reporter. Application will terminate with return code 0