Using pre-set license
Built from '2021.3/evg/staging/82bb020e-b03b1330/draft-0' branch; Version is '2021.3.16f1 (4016570cf34f) revision 4200023'; Using compiler version '192829333'; Build Type 'Release'
OS: 'Windows 11  (10.0.22621) 64bit Core' Language: 'nl' Physical Memory: 14188 MB
BatchMode: 1, IsHumanControllingUs: 0, StartBugReporterOnCrash: 0, Is64bit: 1, IsPro: 1

COMMAND LINE ARGUMENTS:
C:\Program Files\Unity\Hub\Editor\2021.3.16f1\Editor\Unity.exe
-adb2
-batchMode
-noUpm
-name
AssetImportWorker7
-projectPath
C:/FIlls_data_PC/Fork/Building_Playfull_Worlds_3_testing_3/Building_Playfull_Worlds_2_test/Building_Playfull_World_2_Git_Backup
-logFile
Logs/AssetImportWorker7.log
-srvPort
57678
Successfully changed project path to: C:/FIlls_data_PC/Fork/Building_Playfull_Worlds_3_testing_3/Building_Playfull_Worlds_2_test/Building_Playfull_World_2_Git_Backup
C:/FIlls_data_PC/Fork/Building_Playfull_Worlds_3_testing_3/Building_Playfull_Worlds_2_test/Building_Playfull_World_2_Git_Backup
[UnityMemory] Configuration Parameters - Can be set up in boot.config
    "memorysetup-bucket-allocator-granularity=16"
    "memorysetup-bucket-allocator-bucket-count=8"
    "memorysetup-bucket-allocator-block-size=33554432"
    "memorysetup-bucket-allocator-block-count=8"
    "memorysetup-main-allocator-block-size=16777216"
    "memorysetup-thread-allocator-block-size=16777216"
    "memorysetup-gfx-main-allocator-block-size=16777216"
    "memorysetup-gfx-thread-allocator-block-size=16777216"
    "memorysetup-cache-allocator-block-size=4194304"
    "memorysetup-typetree-allocator-block-size=2097152"
    "memorysetup-profiler-bucket-allocator-granularity=16"
    "memorysetup-profiler-bucket-allocator-bucket-count=8"
    "memorysetup-profiler-bucket-allocator-block-size=33554432"
    "memorysetup-profiler-bucket-allocator-block-count=8"
    "memorysetup-profiler-allocator-block-size=16777216"
    "memorysetup-profiler-editor-allocator-block-size=1048576"
    "memorysetup-temp-allocator-size-main=16777216"
    "memorysetup-job-temp-allocator-block-size=2097152"
    "memorysetup-job-temp-allocator-block-size-background=1048576"
    "memorysetup-job-temp-allocator-reduction-small-platforms=262144"
    "memorysetup-temp-allocator-size-background-worker=32768"
    "memorysetup-temp-allocator-size-job-worker=262144"
    "memorysetup-temp-allocator-size-preload-manager=33554432"
    "memorysetup-temp-allocator-size-nav-mesh-worker=65536"
    "memorysetup-temp-allocator-size-audio-worker=65536"
    "memorysetup-temp-allocator-size-cloud-worker=32768"
    "memorysetup-temp-allocator-size-gi-baking-worker=262144"
    "memorysetup-temp-allocator-size-gfx=262144"
Player connection [22376] Host "[IP] 192.168.2.49 [Port] 0 [Flags] 2 [Guid] 2801080734 [EditorId] 2801080734 [Version] 1048832 [Id] WindowsEditor(7,LAPTOP-QO9H7M4E) [Debug] 1 [PackageName] WindowsEditor [ProjectName] Editor" joined multi-casting on [225.0.0.222:54997]...

Player connection [22376] Host "[IP] 192.168.2.49 [Port] 0 [Flags] 2 [Guid] 2801080734 [EditorId] 2801080734 [Version] 1048832 [Id] WindowsEditor(7,LAPTOP-QO9H7M4E) [Debug] 1 [PackageName] WindowsEditor [ProjectName] Editor" joined alternative multi-casting on [225.0.0.222:34997]...

Refreshing native plugins compatible for Editor in 174.25 ms, found 3 plugins.
Preloading 0 native plugins for Editor in 0.00 ms.
Initialize engine version: 2021.3.16f1 (4016570cf34f)
[Subsystems] Discovering subsystems at path C:/Program Files/Unity/Hub/Editor/2021.3.16f1/Editor/Data/Resources/UnitySubsystems
[Subsystems] Discovering subsystems at path C:/FIlls_data_PC/Fork/Building_Playfull_Worlds_3_testing_3/Building_Playfull_Worlds_2_test/Building_Playfull_World_2_Git_Backup/Assets
GfxDevice: creating device client; threaded=0; jobified=0
Direct3D:
    Version:  Direct3D 11.0 [level 11.1]
    Renderer: NVIDIA GeForce RTX 3060 Laptop GPU (ID=0x2560)
    Vendor:   NVIDIA
    VRAM:     6009 MB
    Driver:   31.0.15.2799
Initialize mono
Mono path[0] = 'C:/Program Files/Unity/Hub/Editor/2021.3.16f1/Editor/Data/Managed'
Mono path[1] = 'C:/Program Files/Unity/Hub/Editor/2021.3.16f1/Editor/Data/MonoBleedingEdge/lib/mono/unityjit-win32'
Mono config path = 'C:/Program Files/Unity/Hub/Editor/2021.3.16f1/Editor/Data/MonoBleedingEdge/etc'
Using monoOptions --debugger-agent=transport=dt_socket,embedding=1,server=y,suspend=n,address=127.0.0.1:56488
Begin MonoManager ReloadAssembly
Registering precompiled unity dll's ...
Register platform support module: C:/Program Files/Unity/Hub/Editor/2021.3.16f1/Editor/Data/PlaybackEngines/WindowsStandaloneSupport/UnityEditor.WindowsStandalone.Extensions.dll
Registered in 0.004782 seconds.
Native extension for WindowsStandalone target not found
Refreshing native plugins compatible for Editor in 134.94 ms, found 3 plugins.
Preloading 0 native plugins for Editor in 0.00 ms.
Mono: successfully reloaded assembly
- Completed reload, in  0.658 seconds
Domain Reload Profiling:
	ReloadAssembly (659ms)
		BeginReloadAssembly (61ms)
			ExecutionOrderSort (0ms)
			DisableScriptedObjects (0ms)
			BackupInstance (0ms)
			ReleaseScriptingObjects (0ms)
			CreateAndSetChildDomain (1ms)
		EndReloadAssembly (495ms)
			LoadAssemblies (59ms)
			RebuildTransferFunctionScriptingTraits (0ms)
			SetupTypeCache (98ms)
			ReleaseScriptCaches (0ms)
			RebuildScriptCaches (27ms)
			SetupLoadedEditorAssemblies (317ms)
				LogAssemblyErrors (0ms)
				InitializePlatformSupportModulesInManaged (6ms)
				SetLoadedEditorAssemblies (0ms)
				RefreshPlugins (135ms)
				BeforeProcessingInitializeOnLoad (1ms)
				ProcessInitializeOnLoadAttributes (132ms)
				ProcessInitializeOnLoadMethodAttributes (42ms)
				AfterProcessingInitializeOnLoad (0ms)
				EditorAssembliesLoaded (0ms)
			ExecutionOrderSort2 (0ms)
			AwakeInstancesAfterBackupRestoration (0ms)
Platform modules already initialized, skipping
Registering precompiled user dll's ...
Registered in 0.009256 seconds.
Begin MonoManager ReloadAssembly
Symbol file LoadedFromMemory doesn't match image C:\FIlls_data_PC\Fork\Building_Playfull_Worlds_3_testing_3\Building_Playfull_Worlds_2_test\Building_Playfull_World_2_Git_Backup\Library\PackageCache\com.unity.visualscripting@1.7.8\Editor\VisualScripting.Core\Dependencies\YamlDotNet\Unity.VisualScripting.YamlDotNet.dll
Symbol file LoadedFromMemory doesn't match image C:\FIlls_data_PC\Fork\Building_Playfull_Worlds_3_testing_3\Building_Playfull_Worlds_2_test\Building_Playfull_World_2_Git_Backup\Library\PackageCache\com.unity.visualscripting@1.7.8\Editor\VisualScripting.Core\Dependencies\DotNetZip\Unity.VisualScripting.IonicZip.dll
Native extension for WindowsStandalone target not found
Refreshing native plugins compatible for Editor in 139.34 ms, found 3 plugins.
Preloading 0 native plugins for Editor in 0.00 ms.
Mono: successfully reloaded assembly
- Completed reload, in  1.787 seconds
Domain Reload Profiling:
	ReloadAssembly (1788ms)
		BeginReloadAssembly (106ms)
			ExecutionOrderSort (0ms)
			DisableScriptedObjects (5ms)
			BackupInstance (0ms)
			ReleaseScriptingObjects (0ms)
			CreateAndSetChildDomain (21ms)
		EndReloadAssembly (1560ms)
			LoadAssemblies (109ms)
			RebuildTransferFunctionScriptingTraits (0ms)
			SetupTypeCache (486ms)
			ReleaseScriptCaches (1ms)
			RebuildScriptCaches (84ms)
			SetupLoadedEditorAssemblies (839ms)
				LogAssemblyErrors (0ms)
				InitializePlatformSupportModulesInManaged (4ms)
				SetLoadedEditorAssemblies (0ms)
				RefreshPlugins (139ms)
				BeforeProcessingInitializeOnLoad (130ms)
				ProcessInitializeOnLoadAttributes (471ms)
				ProcessInitializeOnLoadMethodAttributes (88ms)
				AfterProcessingInitializeOnLoad (7ms)
				EditorAssembliesLoaded (0ms)
			ExecutionOrderSort2 (0ms)
			AwakeInstancesAfterBackupRestoration (5ms)
Platform modules already initialized, skipping
========================================================================
Worker process is ready to serve import requests
Launched and connected shader compiler UnityShaderCompiler.exe after 0.05 seconds
Refreshing native plugins compatible for Editor in 2.31 ms, found 3 plugins.
Preloading 0 native plugins for Editor in 0.00 ms.
Unloading 6255 Unused Serialized files (Serialized files now loaded: 0)
Unloading 71 unused Assets / (3.2 MB). Loaded Objects now: 6736.
Memory consumption went from 298.5 MB to 295.3 MB.
Total: 7.160200 ms (FindLiveObjects: 0.720800 ms CreateObjectMapping: 0.226700 ms MarkObjects: 4.724000 ms  DeleteObjects: 1.486800 ms)

AssetImportParameters requested are different than current active one (requested -> active):
  custom:video-decoder-ogg-theora: a1e56fd34408186e4bbccfd4996cb3dc -> 
  custom:container-muxer-webm: aa71ff27fc2769a1b78a27578f13a17b -> 
  custom:container-demuxer-webm: 4f35f7cbe854078d1ac9338744f61a02 -> 
  custom:video-encoder-webm-vp8: eb34c28f22e8b96e1ab97ce403110664 -> 
  custom:video-codec-MediaFoundation-h265: 746d11721c4dcdbdad8f713fa42b33f4 -> 
  custom:audio-encoder-webm-vorbis: bf7c407c2cedff20999df2af8eb42d56 -> 
  custom:framework-win-MediaFoundation: 216162199b28c13a410421893ffa2e32 -> 
  custom:container-demuxer-ogg: 62fdf1f143b41e24485cea50d1cbac27 -> 
  custom:video-decoder-webm-vp8: 9c59270c3fd7afecdb556c50c9e8de78 -> 
  custom:audio-decoder-ogg-vorbis: bf7c407c2cedff20999df2af8eb42d56 -> 
========================================================================
Received Import Request.
  Time since last request: 1064248.682431 seconds.
  path: Assets/SampleScenes/Models/PrimaryJumpRamp.fbx
  artifactKey: Guid(e5a593bc7144a6c45b7a3d4543355ec4) Importer(815301076,1909f56bfc062723c751e8b465ee728b)
Start importing Assets/SampleScenes/Models/PrimaryJumpRamp.fbx using Guid(e5a593bc7144a6c45b7a3d4543355ec4) Importer(815301076,1909f56bfc062723c751e8b465ee728b)  -> (artifact id: 'c0404b65a05068b1c582e35cfc5a16b4') in 0.382825 seconds 
========================================================================
Received Import Request.
  Time since last request: 0.000035 seconds.
  path: Assets/All_mesh_Assets/Flooded_Grounds/Content/Meshes/mBuildings/mChurches/Church1_Base_Stairs_A.fbx
  artifactKey: Guid(0190805ce2aebed49ad2365381cb7200) Importer(815301076,1909f56bfc062723c751e8b465ee728b)
Start importing Assets/All_mesh_Assets/Flooded_Grounds/Content/Meshes/mBuildings/mChurches/Church1_Base_Stairs_A.fbx using Guid(0190805ce2aebed49ad2365381cb7200) Importer(815301076,1909f56bfc062723c751e8b465ee728b)  -> (artifact id: 'fc8fcc5667fffb5ae51210b114253626') in 0.051027 seconds 
========================================================================
Received Import Request.
  Time since last request: 0.000043 seconds.
  path: Assets/All_mesh_Assets/Flooded_Grounds/Content/Meshes/mBuildings/mChurches/Church1_Door_A.fbx
  artifactKey: Guid(b90d65e978fd44a46b96908131df8c0e) Importer(815301076,1909f56bfc062723c751e8b465ee728b)
Start importing Assets/All_mesh_Assets/Flooded_Grounds/Content/Meshes/mBuildings/mChurches/Church1_Door_A.fbx using Guid(b90d65e978fd44a46b96908131df8c0e) Importer(815301076,1909f56bfc062723c751e8b465ee728b)  -> (artifact id: '599d789e1d06451191518f18616ba014') in 0.047673 seconds 
========================================================================
Received Import Request.
  Time since last request: 0.000057 seconds.
  path: Assets/All_mesh_Assets/TerrainDemoScene_URP/Prefabs/Details/Models/BushDry_B.asset
  artifactKey: Guid(8d68c191594d5a24baee81cc22acf55b) Importer(815301076,1909f56bfc062723c751e8b465ee728b)
Start importing Assets/All_mesh_Assets/TerrainDemoScene_URP/Prefabs/Details/Models/BushDry_B.asset using Guid(8d68c191594d5a24baee81cc22acf55b) Importer(815301076,1909f56bfc062723c751e8b465ee728b)  -> (artifact id: '5c771d7e6091901015225876e8dd4e30') in 0.035996 seconds 
========================================================================
Received Import Request.
  Time since last request: 0.000030 seconds.
  path: Assets/All_mesh_Assets/Flooded_Grounds/Content/Meshes/mBuildings/mVilla2/Villa2_Wall_Mid_A_COL.fbx
  artifactKey: Guid(877f5e325a857fb49b1f0c31a03a9c53) Importer(815301076,1909f56bfc062723c751e8b465ee728b)
Start importing Assets/All_mesh_Assets/Flooded_Grounds/Content/Meshes/mBuildings/mVilla2/Villa2_Wall_Mid_A_COL.fbx using Guid(877f5e325a857fb49b1f0c31a03a9c53) Importer(815301076,1909f56bfc062723c751e8b465ee728b)  -> (artifact id: '080c89ddb138be3d08e715e1fb7b494e') in 0.043780 seconds 
========================================================================
Received Import Request.
  Time since last request: 0.000053 seconds.
  path: Assets/All_mesh_Assets/Flooded_Grounds/Content/Meshes/mBuildings/mCabins/Cabin2_Mid1.fbx
  artifactKey: Guid(fcabad233c066664488f5f6a3f8e6632) Importer(815301076,1909f56bfc062723c751e8b465ee728b)
Start importing Assets/All_mesh_Assets/Flooded_Grounds/Content/Meshes/mBuildings/mCabins/Cabin2_Mid1.fbx using Guid(fcabad233c066664488f5f6a3f8e6632) Importer(815301076,1909f56bfc062723c751e8b465ee728b)  -> (artifact id: '3150d91f52865121f911e4b02fc3fa89') in 0.036724 seconds 
========================================================================
Received Import Request.
  Time since last request: 0.000038 seconds.
  path: Assets/All_mesh_Assets/Flooded_Grounds/Content/Meshes/mBuildings/mBrickHouse/BrickHouse_Deco_IntColumn_B.fbx
  artifactKey: Guid(403ba69f160964b43b95cfd3cfc31b0d) Importer(815301076,1909f56bfc062723c751e8b465ee728b)
Start importing Assets/All_mesh_Assets/Flooded_Grounds/Content/Meshes/mBuildings/mBrickHouse/BrickHouse_Deco_IntColumn_B.fbx using Guid(403ba69f160964b43b95cfd3cfc31b0d) Importer(815301076,1909f56bfc062723c751e8b465ee728b)  -> (artifact id: 'fec3e70b6037ed7ce4c65e0adcee8d69') in 0.037732 seconds 
========================================================================
Received Import Request.
  Time since last request: 0.000039 seconds.
  path: Assets/All_mesh_Assets/Flooded_Grounds/Content/Meshes/mBuildings/mVilla2/Villa2_Deco_Column_Mid_A.fbx
  artifactKey: Guid(94a4dae0316550a4e9e4c2b30543c7bd) Importer(815301076,1909f56bfc062723c751e8b465ee728b)
Start importing Assets/All_mesh_Assets/Flooded_Grounds/Content/Meshes/mBuildings/mVilla2/Villa2_Deco_Column_Mid_A.fbx using Guid(94a4dae0316550a4e9e4c2b30543c7bd) Importer(815301076,1909f56bfc062723c751e8b465ee728b)  -> (artifact id: '6a280a37aa414078f446f4b9d4d5275e') in 0.035065 seconds 
========================================================================
Received Import Request.
  Time since last request: 0.000025 seconds.
  path: Assets/All_mesh_Assets/Flooded_Grounds/Content/Meshes/mBuildings/mBarns/Barn2_End_B.fbx
  artifactKey: Guid(fe97fc86797780f4fb8b5a21d2e0ecac) Importer(815301076,1909f56bfc062723c751e8b465ee728b)
Start importing Assets/All_mesh_Assets/Flooded_Grounds/Content/Meshes/mBuildings/mBarns/Barn2_End_B.fbx using Guid(fe97fc86797780f4fb8b5a21d2e0ecac) Importer(815301076,1909f56bfc062723c751e8b465ee728b)  -> (artifact id: 'c6498095c2f280da5c757c8898e82217') in 0.034648 seconds 
========================================================================
Received Import Request.
  Time since last request: 0.000056 seconds.
  path: Assets/All_mesh_Assets/Flooded_Grounds/Content/Meshes/mBuildings/mBrickHouse/BrickHouse_End_B.fbx
  artifactKey: Guid(ecb3f7ff52f7ee249b243771c5d9d9d0) Importer(815301076,1909f56bfc062723c751e8b465ee728b)
Start importing Assets/All_mesh_Assets/Flooded_Grounds/Content/Meshes/mBuildings/mBrickHouse/BrickHouse_End_B.fbx using Guid(ecb3f7ff52f7ee249b243771c5d9d9d0) Importer(815301076,1909f56bfc062723c751e8b465ee728b)  -> (artifact id: 'b9f3da9da8c031ab588bbf98e6579032') in 0.031274 seconds 
========================================================================
Received Import Request.
  Time since last request: 0.000044 seconds.
  path: Assets/All_mesh_Assets/Flooded_Grounds/Content/Meshes/mBuildings/mChurches/Church1_Deco_WindowGlass_A.fbx
  artifactKey: Guid(66d3715e68a763948ac6ef71a68f5e38) Importer(815301076,1909f56bfc062723c751e8b465ee728b)
Start importing Assets/All_mesh_Assets/Flooded_Grounds/Content/Meshes/mBuildings/mChurches/Church1_Deco_WindowGlass_A.fbx using Guid(66d3715e68a763948ac6ef71a68f5e38) Importer(815301076,1909f56bfc062723c751e8b465ee728b)  -> (artifact id: '82a16fc19ea0d53a7796db266252f74b') in 0.034830 seconds 
========================================================================
Received Import Request.
  Time since last request: 0.000049 seconds.
  path: Assets/All_mesh_Assets/Flooded_Grounds/Content/Meshes/mBuildings/mVilla2/Villa2_Deco_Column_Base_A.fbx
  artifactKey: Guid(d30ca19a66b5a7a4983f9b9433a77e3b) Importer(815301076,1909f56bfc062723c751e8b465ee728b)
Start importing Assets/All_mesh_Assets/Flooded_Grounds/Content/Meshes/mBuildings/mVilla2/Villa2_Deco_Column_Base_A.fbx using Guid(d30ca19a66b5a7a4983f9b9433a77e3b) Importer(815301076,1909f56bfc062723c751e8b465ee728b)  -> (artifact id: '9c961d64530d017db7098da669cc77ae') in 0.033800 seconds 
========================================================================
Received Import Request.
  Time since last request: 0.000027 seconds.
  path: Assets/All_mesh_Assets/Flooded_Grounds/Content/Meshes/mBuildings/mChurches/Church1_Door_C.fbx
  artifactKey: Guid(03a195876f0eda54098b8eeedf2c5d73) Importer(815301076,1909f56bfc062723c751e8b465ee728b)
Start importing Assets/All_mesh_Assets/Flooded_Grounds/Content/Meshes/mBuildings/mChurches/Church1_Door_C.fbx using Guid(03a195876f0eda54098b8eeedf2c5d73) Importer(815301076,1909f56bfc062723c751e8b465ee728b)  -> (artifact id: '88b3b1eaf27c11c5889333edb317a834') in 0.034367 seconds 
========================================================================
Received Import Request.
  Time since last request: 0.000876 seconds.
  path: Assets/All_mesh_Assets/Flooded_Grounds/Content/Meshes/mBuildings/mCabins/Cabin1_Door_A.fbx
  artifactKey: Guid(4567fa51052829e48a392b58a304a125) Importer(815301076,1909f56bfc062723c751e8b465ee728b)
Start importing Assets/All_mesh_Assets/Flooded_Grounds/Content/Meshes/mBuildings/mCabins/Cabin1_Door_A.fbx using Guid(4567fa51052829e48a392b58a304a125) Importer(815301076,1909f56bfc062723c751e8b465ee728b)  -> (artifact id: '997fac6248903397e10136da3cf13c1c') in 0.040299 seconds 
========================================================================
Received Import Request.
  Time since last request: 0.000038 seconds.
  path: Assets/All_mesh_Assets/Flooded_Grounds/Content/Meshes/mBuildings/mBrickHouse/BrickHouse_Floor_Mid_B.fbx
  artifactKey: Guid(6944c949f8d183d43bc3b8ef552b99c2) Importer(815301076,1909f56bfc062723c751e8b465ee728b)
Start importing Assets/All_mesh_Assets/Flooded_Grounds/Content/Meshes/mBuildings/mBrickHouse/BrickHouse_Floor_Mid_B.fbx using Guid(6944c949f8d183d43bc3b8ef552b99c2) Importer(815301076,1909f56bfc062723c751e8b465ee728b)  -> (artifact id: '35bf93c2aef987e6bad7d789cfed1b49') in 0.040732 seconds 
========================================================================
Received Import Request.
  Time since last request: 0.000037 seconds.
  path: Assets/All_mesh_Assets/Flooded_Grounds/Content/Meshes/mBuildings/mBrickHouse/BrickHouse_Floor_Mid_A_DM_B.fbx
  artifactKey: Guid(d98081a7d2d7c444bb1ae9bfd4d41051) Importer(815301076,1909f56bfc062723c751e8b465ee728b)
Start importing Assets/All_mesh_Assets/Flooded_Grounds/Content/Meshes/mBuildings/mBrickHouse/BrickHouse_Floor_Mid_A_DM_B.fbx using Guid(d98081a7d2d7c444bb1ae9bfd4d41051) Importer(815301076,1909f56bfc062723c751e8b465ee728b)  -> (artifact id: 'd0986c8b77a9b15af0909ba9495dbec8') in 0.034274 seconds 
========================================================================
Received Import Request.
  Time since last request: 0.000030 seconds.
  path: Assets/All_mesh_Assets/Flooded_Grounds/Content/Trees/SrcMeshes/Branch3.fbx
  artifactKey: Guid(674166747f4cccc4e8fe1f7011630989) Importer(815301076,1909f56bfc062723c751e8b465ee728b)
Start importing Assets/All_mesh_Assets/Flooded_Grounds/Content/Trees/SrcMeshes/Branch3.fbx using Guid(674166747f4cccc4e8fe1f7011630989) Importer(815301076,1909f56bfc062723c751e8b465ee728b)  -> (artifact id: 'a5f25a3a7ecba45d0940a16c7a9f82ce') in 0.038709 seconds 
========================================================================
Received Import Request.
  Time since last request: 0.000076 seconds.
  path: Assets/All_mesh_Assets/Flooded_Grounds/Content/Meshes/mNature/mGrass/Grass_Small_C.fbx
  artifactKey: Guid(ba45a76b7b45f27419de4b1326102dfa) Importer(815301076,1909f56bfc062723c751e8b465ee728b)
Start importing Assets/All_mesh_Assets/Flooded_Grounds/Content/Meshes/mNature/mGrass/Grass_Small_C.fbx using Guid(ba45a76b7b45f27419de4b1326102dfa) Importer(815301076,1909f56bfc062723c751e8b465ee728b)  -> (artifact id: 'b0aacc99d635099a3a897bf12b6e1519') in 0.039046 seconds 
========================================================================
Received Import Request.
  Time since last request: 0.000058 seconds.
  path: Assets/All_mesh_Assets/Flooded_Grounds/Content/Meshes/mNature/mGrass/Grass_Small_D.fbx
  artifactKey: Guid(0b1eadd50210bbf489ee17d6376699a3) Importer(815301076,1909f56bfc062723c751e8b465ee728b)
Start importing Assets/All_mesh_Assets/Flooded_Grounds/Content/Meshes/mNature/mGrass/Grass_Small_D.fbx using Guid(0b1eadd50210bbf489ee17d6376699a3) Importer(815301076,1909f56bfc062723c751e8b465ee728b)  -> (artifact id: '009270eb18f9c39b51a5329355c8155d') in 0.031926 seconds 
========================================================================
Received Import Request.
  Time since last request: 0.000057 seconds.
  path: Assets/All_mesh_Assets/Flooded_Grounds/Content/Meshes/mBuildings/mVilla2/Villa2_Deco_Column_Top_A.fbx
  artifactKey: Guid(09a44f70699a409489f373dfddb6db05) Importer(815301076,1909f56bfc062723c751e8b465ee728b)
Start importing Assets/All_mesh_Assets/Flooded_Grounds/Content/Meshes/mBuildings/mVilla2/Villa2_Deco_Column_Top_A.fbx using Guid(09a44f70699a409489f373dfddb6db05) Importer(815301076,1909f56bfc062723c751e8b465ee728b)  -> (artifact id: '6e2d15588e3d2f3e9eb99402f720b846') in 0.035701 seconds 
========================================================================
Received Import Request.
  Time since last request: 0.000053 seconds.
  path: Assets/All_mesh_Assets/Flooded_Grounds/Content/Meshes/mBuildings/mVilla2/Villa2_Wall_Mid_D.fbx
  artifactKey: Guid(0dafcec3076e9e143a3b8f59b6b64d86) Importer(815301076,1909f56bfc062723c751e8b465ee728b)
Start importing Assets/All_mesh_Assets/Flooded_Grounds/Content/Meshes/mBuildings/mVilla2/Villa2_Wall_Mid_D.fbx using Guid(0dafcec3076e9e143a3b8f59b6b64d86) Importer(815301076,1909f56bfc062723c751e8b465ee728b)  -> (artifact id: '14b76977d250c402d31f5762d67e4bce') in 0.035364 seconds 
========================================================================
Received Import Request.
  Time since last request: 0.000056 seconds.
  path: Assets/All_mesh_Assets/Flooded_Grounds/Content/Meshes/mBuildings/mBrickHouse/BrickHouse_Mid_C.fbx
  artifactKey: Guid(35ab284a2483a154297995a4ecf1b9aa) Importer(815301076,1909f56bfc062723c751e8b465ee728b)
Start importing Assets/All_mesh_Assets/Flooded_Grounds/Content/Meshes/mBuildings/mBrickHouse/BrickHouse_Mid_C.fbx using Guid(35ab284a2483a154297995a4ecf1b9aa) Importer(815301076,1909f56bfc062723c751e8b465ee728b)  -> (artifact id: '9e086a8e177155d31eefdee535b32f71') in 0.036857 seconds 
========================================================================
Received Import Request.
  Time since last request: 0.000079 seconds.
  path: Assets/All_mesh_Assets/Flooded_Grounds/Content/Meshes/mBuildings/mBrickHouse/BrickHouse_Base_Stairs_A.fbx
  artifactKey: Guid(feef4de4c42d64d4e81f2a11b66a9a96) Importer(815301076,1909f56bfc062723c751e8b465ee728b)
Start importing Assets/All_mesh_Assets/Flooded_Grounds/Content/Meshes/mBuildings/mBrickHouse/BrickHouse_Base_Stairs_A.fbx using Guid(feef4de4c42d64d4e81f2a11b66a9a96) Importer(815301076,1909f56bfc062723c751e8b465ee728b)  -> (artifact id: '6e672c82409986dae9a56c50ab6662c4') in 0.038349 seconds 
========================================================================
Received Import Request.
  Time since last request: 0.000048 seconds.
  path: Assets/All_mesh_Assets/Flooded_Grounds/Content/Meshes/mNature/mGrass/Grass_Small_A.fbx
  artifactKey: Guid(07482563e336d994abdc831e53431ccb) Importer(815301076,1909f56bfc062723c751e8b465ee728b)
Start importing Assets/All_mesh_Assets/Flooded_Grounds/Content/Meshes/mNature/mGrass/Grass_Small_A.fbx using Guid(07482563e336d994abdc831e53431ccb) Importer(815301076,1909f56bfc062723c751e8b465ee728b)  -> (artifact id: 'f21c24925e62f5d5ec711f182b5986c1') in 0.043177 seconds 
========================================================================
Received Import Request.
  Time since last request: 0.000055 seconds.
  path: Assets/All_mesh_Assets/Flooded_Grounds/Content/Meshes/mBuildings/mBrickHouse/BrickHouse_Deco_WindowGlass_B.fbx
  artifactKey: Guid(831ac8c49e7f5e640b96ac39a4795e1e) Importer(815301076,1909f56bfc062723c751e8b465ee728b)
Start importing Assets/All_mesh_Assets/Flooded_Grounds/Content/Meshes/mBuildings/mBrickHouse/BrickHouse_Deco_WindowGlass_B.fbx using Guid(831ac8c49e7f5e640b96ac39a4795e1e) Importer(815301076,1909f56bfc062723c751e8b465ee728b)  -> (artifact id: '379438d43e164cb03978cee4b846470a') in 0.048058 seconds 
========================================================================
Received Import Request.
  Time since last request: 0.000046 seconds.
  path: Assets/All_mesh_Assets/Flooded_Grounds/Content/Meshes/mBuildings/mBarns/Barn1_Mid_A_COL.fbx
  artifactKey: Guid(35176c214241e184099eef1ebab21045) Importer(815301076,1909f56bfc062723c751e8b465ee728b)
Start importing Assets/All_mesh_Assets/Flooded_Grounds/Content/Meshes/mBuildings/mBarns/Barn1_Mid_A_COL.fbx using Guid(35176c214241e184099eef1ebab21045) Importer(815301076,1909f56bfc062723c751e8b465ee728b)  -> (artifact id: '5b4d90dec31fbcdb876e00cf76442ccd') in 0.040401 seconds 
========================================================================
Received Import Request.
  Time since last request: 0.000062 seconds.
  path: Assets/All_mesh_Assets/Flooded_Grounds/Content/Meshes/mBuildings/mBarns/Barn2_Mid_A.fbx
  artifactKey: Guid(01eff2904fad4694da0b622ebc3b8a19) Importer(815301076,1909f56bfc062723c751e8b465ee728b)
Start importing Assets/All_mesh_Assets/Flooded_Grounds/Content/Meshes/mBuildings/mBarns/Barn2_Mid_A.fbx using Guid(01eff2904fad4694da0b622ebc3b8a19) Importer(815301076,1909f56bfc062723c751e8b465ee728b)  -> (artifact id: '692efe71961c33546d463305c048db5e') in 0.041757 seconds 
========================================================================
Received Import Request.
  Time since last request: 0.000034 seconds.
  path: Assets/All_mesh_Assets/Flooded_Grounds/Content/Meshes/mBuildings/mVilla2/Villa2_Wall_Mid_E.fbx
  artifactKey: Guid(f541faddef363a44bb98ab27fb36668b) Importer(815301076,1909f56bfc062723c751e8b465ee728b)
Start importing Assets/All_mesh_Assets/Flooded_Grounds/Content/Meshes/mBuildings/mVilla2/Villa2_Wall_Mid_E.fbx using Guid(f541faddef363a44bb98ab27fb36668b) Importer(815301076,1909f56bfc062723c751e8b465ee728b)  -> (artifact id: 'a655e9e309d95e445c42875f3fc443ad') in 0.033418 seconds 
========================================================================
Received Import Request.
  Time since last request: 0.000046 seconds.
  path: Assets/All_mesh_Assets/Flooded_Grounds/Content/Meshes/mBuildings/mCabins/Cabin2_End1.fbx
  artifactKey: Guid(c0922aa6a800c5e4394e696a91c302b7) Importer(815301076,1909f56bfc062723c751e8b465ee728b)
Start importing Assets/All_mesh_Assets/Flooded_Grounds/Content/Meshes/mBuildings/mCabins/Cabin2_End1.fbx using Guid(c0922aa6a800c5e4394e696a91c302b7) Importer(815301076,1909f56bfc062723c751e8b465ee728b)  -> (artifact id: '059b103220894d9b33c158b60330b26a') in 0.033629 seconds 
========================================================================
Received Import Request.
  Time since last request: 0.000048 seconds.
  path: Assets/All_mesh_Assets/Flooded_Grounds/Content/Meshes/mBuildings/mBrickHouse/BrickHouse_Deco_WindowGlass_A.fbx
  artifactKey: Guid(b715f3e28605e8246af80d9a98e7cc1c) Importer(815301076,1909f56bfc062723c751e8b465ee728b)
Start importing Assets/All_mesh_Assets/Flooded_Grounds/Content/Meshes/mBuildings/mBrickHouse/BrickHouse_Deco_WindowGlass_A.fbx using Guid(b715f3e28605e8246af80d9a98e7cc1c) Importer(815301076,1909f56bfc062723c751e8b465ee728b)  -> (artifact id: '7e2032d94f1a92331ce0c73d9bcd960a') in 0.034474 seconds 
========================================================================
Received Import Request.
  Time since last request: 0.000030 seconds.
  path: Assets/All_mesh_Assets/Flooded_Grounds/Content/Meshes/mNature/mGrass/Grass_Small_B.fbx
  artifactKey: Guid(96122d1ec72ef1440af0cf46c6a1220d) Importer(815301076,1909f56bfc062723c751e8b465ee728b)
Start importing Assets/All_mesh_Assets/Flooded_Grounds/Content/Meshes/mNature/mGrass/Grass_Small_B.fbx using Guid(96122d1ec72ef1440af0cf46c6a1220d) Importer(815301076,1909f56bfc062723c751e8b465ee728b)  -> (artifact id: '8166ca6ef91c6bc01a46b6aac3a6a33c') in 0.038551 seconds 
========================================================================
Received Import Request.
  Time since last request: 0.000060 seconds.
  path: Assets/All_mesh_Assets/Flooded_Grounds/Content/Meshes/mProps/lo_Prop_SmallTable_B.fbx
  artifactKey: Guid(3a7b1a31482c1fe49a31b676235454c8) Importer(815301076,1909f56bfc062723c751e8b465ee728b)
Start importing Assets/All_mesh_Assets/Flooded_Grounds/Content/Meshes/mProps/lo_Prop_SmallTable_B.fbx using Guid(3a7b1a31482c1fe49a31b676235454c8) Importer(815301076,1909f56bfc062723c751e8b465ee728b)  -> (artifact id: '18667582b956090e8e330930d3a67fed') in 0.061408 seconds 
========================================================================
Received Import Request.
  Time since last request: 0.000034 seconds.
  path: Assets/All_mesh_Assets/Flooded_Grounds/Content/Meshes/mBuildings/mBridge/BLD_Bridge_A.fbx
  artifactKey: Guid(346c531817264a1488ea134892257241) Importer(815301076,1909f56bfc062723c751e8b465ee728b)
Start importing Assets/All_mesh_Assets/Flooded_Grounds/Content/Meshes/mBuildings/mBridge/BLD_Bridge_A.fbx using Guid(346c531817264a1488ea134892257241) Importer(815301076,1909f56bfc062723c751e8b465ee728b)  -> (artifact id: '5bf3a01caf19e3faf3bf8d17202cc0ad') in 0.069935 seconds 
========================================================================
Received Prepare
Registering precompiled user dll's ...
Registered in 0.008260 seconds.
Begin MonoManager ReloadAssembly
Symbol file LoadedFromMemory doesn't match image C:\FIlls_data_PC\Fork\Building_Playfull_Worlds_3_testing_3\Building_Playfull_Worlds_2_test\Building_Playfull_World_2_Git_Backup\Library\PackageCache\com.unity.visualscripting@1.7.8\Editor\VisualScripting.Core\Dependencies\YamlDotNet\Unity.VisualScripting.YamlDotNet.dll
Symbol file LoadedFromMemory doesn't match image C:\FIlls_data_PC\Fork\Building_Playfull_Worlds_3_testing_3\Building_Playfull_Worlds_2_test\Building_Playfull_World_2_Git_Backup\Library\PackageCache\com.unity.visualscripting@1.7.8\Editor\VisualScripting.Core\Dependencies\DotNetZip\Unity.VisualScripting.IonicZip.dll
Native extension for WindowsStandalone target not found
Refreshing native plugins compatible for Editor in 3.51 ms, found 3 plugins.
Preloading 0 native plugins for Editor in 0.00 ms.
Mono: successfully reloaded assembly
- Completed reload, in  1.742 seconds
Domain Reload Profiling:
	ReloadAssembly (1743ms)
		BeginReloadAssembly (164ms)
			ExecutionOrderSort (0ms)
			DisableScriptedObjects (7ms)
			BackupInstance (0ms)
			ReleaseScriptingObjects (0ms)
			CreateAndSetChildDomain (61ms)
		EndReloadAssembly (1475ms)
			LoadAssemblies (127ms)
			RebuildTransferFunctionScriptingTraits (0ms)
			SetupTypeCache (388ms)
			ReleaseScriptCaches (3ms)
			RebuildScriptCaches (85ms)
			SetupLoadedEditorAssemblies (758ms)
				LogAssemblyErrors (0ms)
				InitializePlatformSupportModulesInManaged (17ms)
				SetLoadedEditorAssemblies (1ms)
				RefreshPlugins (4ms)
				BeforeProcessingInitializeOnLoad (152ms)
				ProcessInitializeOnLoadAttributes (478ms)
				ProcessInitializeOnLoadMethodAttributes (96ms)
				AfterProcessingInitializeOnLoad (10ms)
				EditorAssembliesLoaded (0ms)
			ExecutionOrderSort2 (0ms)
			AwakeInstancesAfterBackupRestoration (15ms)
Platform modules already initialized, skipping
Refreshing native plugins compatible for Editor in 6.40 ms, found 3 plugins.
Preloading 0 native plugins for Editor in 0.00 ms.
Unloading 6028 Unused Serialized files (Serialized files now loaded: 0)
Unloading 42 unused Assets / (3.2 MB). Loaded Objects now: 6807.
Memory consumption went from 289.1 MB to 285.9 MB.
Total: 7.209200 ms (FindLiveObjects: 0.574300 ms CreateObjectMapping: 0.269600 ms MarkObjects: 4.312900 ms  DeleteObjects: 2.051000 ms)

AssetImportParameters requested are different than current active one (requested -> active):
  custom:video-decoder-ogg-theora: a1e56fd34408186e4bbccfd4996cb3dc -> 
  custom:container-muxer-webm: aa71ff27fc2769a1b78a27578f13a17b -> 
  custom:container-demuxer-webm: 4f35f7cbe854078d1ac9338744f61a02 -> 
  custom:video-encoder-webm-vp8: eb34c28f22e8b96e1ab97ce403110664 -> 
  custom:video-codec-MediaFoundation-h265: 746d11721c4dcdbdad8f713fa42b33f4 -> 
  custom:audio-encoder-webm-vorbis: bf7c407c2cedff20999df2af8eb42d56 -> 
  custom:framework-win-MediaFoundation: 216162199b28c13a410421893ffa2e32 -> 
  custom:container-demuxer-ogg: 62fdf1f143b41e24485cea50d1cbac27 -> 
  custom:video-decoder-webm-vp8: 9c59270c3fd7afecdb556c50c9e8de78 -> 
  custom:audio-decoder-ogg-vorbis: bf7c407c2cedff20999df2af8eb42d56 -> 
Editor requested this worker to shutdown with reason: Scaling down because of idle timeout
AssetImportWorker is now disconnected from the server
Process exiting
Exiting without the bug reporter. Application will terminate with return code 0