Using pre-set license
Built from '2021.3/evg/staging/82bb020e-b03b1330/draft-0' branch; Version is '2021.3.16f1 (4016570cf34f) revision 4200023'; Using compiler version '192829333'; Build Type 'Release'
OS: 'Windows 11  (10.0.22621) 64bit Core' Language: 'nl' Physical Memory: 14188 MB
BatchMode: 1, IsHumanControllingUs: 0, StartBugReporterOnCrash: 0, Is64bit: 1, IsPro: 1

COMMAND LINE ARGUMENTS:
C:\Program Files\Unity\Hub\Editor\2021.3.16f1\Editor\Unity.exe
-adb2
-batchMode
-noUpm
-name
AssetImportWorker6
-projectPath
C:/Users/timos/OneDrive/Documenten/Unity_projecten/Building_Playfull_World_2
-logFile
Logs/AssetImportWorker6.log
-srvPort
52361
Successfully changed project path to: C:/Users/timos/OneDrive/Documenten/Unity_projecten/Building_Playfull_World_2
C:/Users/timos/OneDrive/Documenten/Unity_projecten/Building_Playfull_World_2
[UnityMemory] Configuration Parameters - Can be set up in boot.config
    "memorysetup-bucket-allocator-granularity=16"
    "memorysetup-bucket-allocator-bucket-count=8"
    "memorysetup-bucket-allocator-block-size=33554432"
    "memorysetup-bucket-allocator-block-count=8"
    "memorysetup-main-allocator-block-size=16777216"
    "memorysetup-thread-allocator-block-size=16777216"
    "memorysetup-gfx-main-allocator-block-size=16777216"
    "memorysetup-gfx-thread-allocator-block-size=16777216"
    "memorysetup-cache-allocator-block-size=4194304"
    "memorysetup-typetree-allocator-block-size=2097152"
    "memorysetup-profiler-bucket-allocator-granularity=16"
    "memorysetup-profiler-bucket-allocator-bucket-count=8"
    "memorysetup-profiler-bucket-allocator-block-size=33554432"
    "memorysetup-profiler-bucket-allocator-block-count=8"
    "memorysetup-profiler-allocator-block-size=16777216"
    "memorysetup-profiler-editor-allocator-block-size=1048576"
    "memorysetup-temp-allocator-size-main=16777216"
    "memorysetup-job-temp-allocator-block-size=2097152"
    "memorysetup-job-temp-allocator-block-size-background=1048576"
    "memorysetup-job-temp-allocator-reduction-small-platforms=262144"
    "memorysetup-temp-allocator-size-background-worker=32768"
    "memorysetup-temp-allocator-size-job-worker=262144"
    "memorysetup-temp-allocator-size-preload-manager=33554432"
    "memorysetup-temp-allocator-size-nav-mesh-worker=65536"
    "memorysetup-temp-allocator-size-audio-worker=65536"
    "memorysetup-temp-allocator-size-cloud-worker=32768"
    "memorysetup-temp-allocator-size-gi-baking-worker=262144"
    "memorysetup-temp-allocator-size-gfx=262144"
Player connection [11628] Host "[IP] 192.168.2.49 [Port] 0 [Flags] 2 [Guid] 836282857 [EditorId] 836282857 [Version] 1048832 [Id] WindowsEditor(7,LAPTOP-QO9H7M4E) [Debug] 1 [PackageName] WindowsEditor [ProjectName] Editor" joined multi-casting on [225.0.0.222:54997]...

Player connection [11628] Host "[IP] 192.168.2.49 [Port] 0 [Flags] 2 [Guid] 836282857 [EditorId] 836282857 [Version] 1048832 [Id] WindowsEditor(7,LAPTOP-QO9H7M4E) [Debug] 1 [PackageName] WindowsEditor [ProjectName] Editor" joined alternative multi-casting on [225.0.0.222:34997]...

Refreshing native plugins compatible for Editor in 183.99 ms, found 3 plugins.
Preloading 0 native plugins for Editor in 0.00 ms.
Initialize engine version: 2021.3.16f1 (4016570cf34f)
[Subsystems] Discovering subsystems at path C:/Program Files/Unity/Hub/Editor/2021.3.16f1/Editor/Data/Resources/UnitySubsystems
[Subsystems] Discovering subsystems at path C:/Users/timos/OneDrive/Documenten/Unity_projecten/Building_Playfull_World_2/Assets
GfxDevice: creating device client; threaded=0; jobified=0
Direct3D:
    Version:  Direct3D 11.0 [level 11.1]
    Renderer: NVIDIA GeForce RTX 3060 Laptop GPU (ID=0x2560)
    Vendor:   NVIDIA
    VRAM:     6009 MB
    Driver:   31.0.15.2799
Initialize mono
Mono path[0] = 'C:/Program Files/Unity/Hub/Editor/2021.3.16f1/Editor/Data/Managed'
Mono path[1] = 'C:/Program Files/Unity/Hub/Editor/2021.3.16f1/Editor/Data/MonoBleedingEdge/lib/mono/unityjit-win32'
Mono config path = 'C:/Program Files/Unity/Hub/Editor/2021.3.16f1/Editor/Data/MonoBleedingEdge/etc'
Using monoOptions --debugger-agent=transport=dt_socket,embedding=1,server=y,suspend=n,address=127.0.0.1:56748
Begin MonoManager ReloadAssembly
Registering precompiled unity dll's ...
Register platform support module: C:/Program Files/Unity/Hub/Editor/2021.3.16f1/Editor/Data/PlaybackEngines/WindowsStandaloneSupport/UnityEditor.WindowsStandalone.Extensions.dll
Registered in 0.005401 seconds.
Native extension for WindowsStandalone target not found
Refreshing native plugins compatible for Editor in 155.16 ms, found 3 plugins.
Preloading 0 native plugins for Editor in 0.00 ms.
Mono: successfully reloaded assembly
- Completed reload, in  0.806 seconds
Domain Reload Profiling:
	ReloadAssembly (807ms)
		BeginReloadAssembly (79ms)
			ExecutionOrderSort (0ms)
			DisableScriptedObjects (0ms)
			BackupInstance (0ms)
			ReleaseScriptingObjects (0ms)
			CreateAndSetChildDomain (1ms)
		EndReloadAssembly (602ms)
			LoadAssemblies (77ms)
			RebuildTransferFunctionScriptingTraits (0ms)
			SetupTypeCache (122ms)
			ReleaseScriptCaches (0ms)
			RebuildScriptCaches (31ms)
			SetupLoadedEditorAssemblies (386ms)
				LogAssemblyErrors (0ms)
				InitializePlatformSupportModulesInManaged (8ms)
				SetLoadedEditorAssemblies (0ms)
				RefreshPlugins (155ms)
				BeforeProcessingInitializeOnLoad (2ms)
				ProcessInitializeOnLoadAttributes (166ms)
				ProcessInitializeOnLoadMethodAttributes (54ms)
				AfterProcessingInitializeOnLoad (0ms)
				EditorAssembliesLoaded (0ms)
			ExecutionOrderSort2 (0ms)
			AwakeInstancesAfterBackupRestoration (0ms)
Platform modules already initialized, skipping
Registering precompiled user dll's ...
Registered in 0.012236 seconds.
Begin MonoManager ReloadAssembly
Symbol file LoadedFromMemory doesn't match image C:\Users\timos\OneDrive\Documenten\Unity_projecten\Building_Playfull_World_2\Library\PackageCache\com.unity.visualscripting@1.7.8\Editor\VisualScripting.Core\Dependencies\YamlDotNet\Unity.VisualScripting.YamlDotNet.dll
Symbol file LoadedFromMemory doesn't match image C:\Users\timos\OneDrive\Documenten\Unity_projecten\Building_Playfull_World_2\Library\PackageCache\com.unity.visualscripting@1.7.8\Editor\VisualScripting.Core\Dependencies\DotNetZip\Unity.VisualScripting.IonicZip.dll
Native extension for WindowsStandalone target not found
Refreshing native plugins compatible for Editor in 163.90 ms, found 3 plugins.
Preloading 0 native plugins for Editor in 0.00 ms.
Mono: successfully reloaded assembly
- Completed reload, in  1.654 seconds
Domain Reload Profiling:
	ReloadAssembly (1655ms)
		BeginReloadAssembly (128ms)
			ExecutionOrderSort (0ms)
			DisableScriptedObjects (6ms)
			BackupInstance (0ms)
			ReleaseScriptingObjects (0ms)
			CreateAndSetChildDomain (27ms)
		EndReloadAssembly (1395ms)
			LoadAssemblies (100ms)
			RebuildTransferFunctionScriptingTraits (0ms)
			SetupTypeCache (381ms)
			ReleaseScriptCaches (1ms)
			RebuildScriptCaches (103ms)
			SetupLoadedEditorAssemblies (759ms)
				LogAssemblyErrors (0ms)
				InitializePlatformSupportModulesInManaged (5ms)
				SetLoadedEditorAssemblies (0ms)
				RefreshPlugins (164ms)
				BeforeProcessingInitializeOnLoad (152ms)
				ProcessInitializeOnLoadAttributes (333ms)
				ProcessInitializeOnLoadMethodAttributes (98ms)
				AfterProcessingInitializeOnLoad (7ms)
				EditorAssembliesLoaded (0ms)
			ExecutionOrderSort2 (0ms)
			AwakeInstancesAfterBackupRestoration (6ms)
Platform modules already initialized, skipping
========================================================================
Worker process is ready to serve import requests
Launched and connected shader compiler UnityShaderCompiler.exe after 0.05 seconds
Refreshing native plugins compatible for Editor in 1.83 ms, found 3 plugins.
Preloading 0 native plugins for Editor in 0.00 ms.
Unloading 5874 Unused Serialized files (Serialized files now loaded: 0)
Unloading 38 unused Assets / (97.2 MB). Loaded Objects now: 6354.
Memory consumption went from 264.8 MB to 167.7 MB.
Total: 10.572300 ms (FindLiveObjects: 0.561900 ms CreateObjectMapping: 0.465500 ms MarkObjects: 8.729500 ms  DeleteObjects: 0.813300 ms)

AssetImportParameters requested are different than current active one (requested -> active):
  custom:video-decoder-ogg-theora: a1e56fd34408186e4bbccfd4996cb3dc -> 
  custom:container-muxer-webm: aa71ff27fc2769a1b78a27578f13a17b -> 
  custom:container-demuxer-webm: 4f35f7cbe854078d1ac9338744f61a02 -> 
  custom:video-encoder-webm-vp8: eb34c28f22e8b96e1ab97ce403110664 -> 
  custom:video-codec-MediaFoundation-h265: 746d11721c4dcdbdad8f713fa42b33f4 -> 
  custom:audio-encoder-webm-vorbis: bf7c407c2cedff20999df2af8eb42d56 -> 
  custom:framework-win-MediaFoundation: 216162199b28c13a410421893ffa2e32 -> 
  custom:container-demuxer-ogg: 62fdf1f143b41e24485cea50d1cbac27 -> 
  custom:video-decoder-webm-vp8: 9c59270c3fd7afecdb556c50c9e8de78 -> 
  custom:audio-decoder-ogg-vorbis: bf7c407c2cedff20999df2af8eb42d56 -> 
========================================================================
Received Import Request.
  Time since last request: 51136.735769 seconds.
  path: Packages/com.unity.collab-proxy/Editor/PlasticSCM/Assets/Images/buttonssosigninemail@2x.png
  artifactKey: Guid(ddf2e76e8a1f88f46ae1e42277850b48) Importer(815301076,1909f56bfc062723c751e8b465ee728b)
Start importing Packages/com.unity.collab-proxy/Editor/PlasticSCM/Assets/Images/buttonssosigninemail@2x.png using Guid(ddf2e76e8a1f88f46ae1e42277850b48) Importer(815301076,1909f56bfc062723c751e8b465ee728b)  -> (artifact id: 'ef42ccf46158fcc77a3759df2549e018') in 0.128760 seconds 
========================================================================
Received Import Request.
  Time since last request: 0.000055 seconds.
  path: Packages/com.unity.collab-proxy/Editor/PlasticSCM/Assets/Images/d_icondeletedremoteoverlay@2x.png
  artifactKey: Guid(2cfbf6619eb047545a425e8a31732c83) Importer(815301076,1909f56bfc062723c751e8b465ee728b)
Start importing Packages/com.unity.collab-proxy/Editor/PlasticSCM/Assets/Images/d_icondeletedremoteoverlay@2x.png using Guid(2cfbf6619eb047545a425e8a31732c83) Importer(815301076,1909f56bfc062723c751e8b465ee728b)  -> (artifact id: 'c154c58cc2b9b1e08d8e6350c585574c') in 0.029822 seconds 
========================================================================
Received Import Request.
  Time since last request: 0.000046 seconds.
  path: Packages/com.unity.timeline/Editor/StyleSheets/Images/Icons/d_TimelineCollapseMarkerButtonDisabled.png
  artifactKey: Guid(40947ddc2dd4f0d499a92d0f3675c4e8) Importer(815301076,1909f56bfc062723c751e8b465ee728b)
Start importing Packages/com.unity.timeline/Editor/StyleSheets/Images/Icons/d_TimelineCollapseMarkerButtonDisabled.png using Guid(40947ddc2dd4f0d499a92d0f3675c4e8) Importer(815301076,1909f56bfc062723c751e8b465ee728b)  -> (artifact id: 'bd515055f215b1483d3d3b2f1ff2c7c8') in 0.024390 seconds 
========================================================================
Received Import Request.
  Time since last request: 0.000036 seconds.
  path: Packages/com.unity.collab-proxy/Editor/PlasticSCM/Assets/Images/iconemptygravatar.png
  artifactKey: Guid(91976e8b9ce0f0341838727acd55621c) Importer(815301076,1909f56bfc062723c751e8b465ee728b)
Start importing Packages/com.unity.collab-proxy/Editor/PlasticSCM/Assets/Images/iconemptygravatar.png using Guid(91976e8b9ce0f0341838727acd55621c) Importer(815301076,1909f56bfc062723c751e8b465ee728b)  -> (artifact id: '1d694ad067ec050e2338247ea55c4f5b') in 0.029365 seconds 
========================================================================
Received Import Request.
  Time since last request: 0.000037 seconds.
  path: Packages/com.unity.collab-proxy/Editor/PlasticSCM/Assets/Images/d_icondeletedremote@2x.png
  artifactKey: Guid(626b9cddb29049e4cac50cd87b419945) Importer(815301076,1909f56bfc062723c751e8b465ee728b)
Start importing Packages/com.unity.collab-proxy/Editor/PlasticSCM/Assets/Images/d_icondeletedremote@2x.png using Guid(626b9cddb29049e4cac50cd87b419945) Importer(815301076,1909f56bfc062723c751e8b465ee728b)  -> (artifact id: '66f3d1d47732f7c0ebedc29e8e6e5ab2') in 0.026902 seconds 
========================================================================
Received Import Request.
  Time since last request: 0.000031 seconds.
  path: Packages/com.unity.collab-proxy/Editor/PlasticSCM/Assets/Images/icondeletedremoteoverlay@2x.png
  artifactKey: Guid(d5c3277b1dbad9448b46c2ec87a2cef8) Importer(815301076,1909f56bfc062723c751e8b465ee728b)
Start importing Packages/com.unity.collab-proxy/Editor/PlasticSCM/Assets/Images/icondeletedremoteoverlay@2x.png using Guid(d5c3277b1dbad9448b46c2ec87a2cef8) Importer(815301076,1909f56bfc062723c751e8b465ee728b)  -> (artifact id: '601f1a565ab6d4588d70b4c43ddc4301') in 0.027206 seconds 
========================================================================
Received Import Request.
  Time since last request: 246.579051 seconds.
  path: Assets/All_VFX/VFX_Arrow_test/Arrow_Glow_shader.shadergraph
  artifactKey: Guid(b288c9eaa6066b74e80bc5824e7d3a3d) Importer(815301076,1909f56bfc062723c751e8b465ee728b)
Start importing Assets/All_VFX/VFX_Arrow_test/Arrow_Glow_shader.shadergraph using Guid(b288c9eaa6066b74e80bc5824e7d3a3d) Importer(815301076,1909f56bfc062723c751e8b465ee728b)  -> (artifact id: '643ee7d5b0ccd83266b9670631e84a31') in 0.015291 seconds 
========================================================================
Received Import Request.
  Time since last request: 65.815900 seconds.
  path: Assets/All_Hologram_machine/_ShaGra_Glowing_Hologram_Machine.shadergraph
  artifactKey: Guid(57242b08a5ef94140824e426e4d718ea) Importer(815301076,1909f56bfc062723c751e8b465ee728b)
Start importing Assets/All_Hologram_machine/_ShaGra_Glowing_Hologram_Machine.shadergraph using Guid(57242b08a5ef94140824e426e4d718ea) Importer(815301076,1909f56bfc062723c751e8b465ee728b)  -> (artifact id: 'd5cbc917480e9f5df00a5f989b5bc4ae') in 0.010168 seconds 
========================================================================
Received Import Request.
  Time since last request: 154.229640 seconds.
  path: Assets/All_Hologram_machine/ShaGra_Glowing_Hologram_Machine.shadergraph
  artifactKey: Guid(f435d1a424719354693cf03191f864c4) Importer(815301076,1909f56bfc062723c751e8b465ee728b)
Start importing Assets/All_Hologram_machine/ShaGra_Glowing_Hologram_Machine.shadergraph using Guid(f435d1a424719354693cf03191f864c4) Importer(815301076,1909f56bfc062723c751e8b465ee728b)  -> (artifact id: '336bd4dcbc32ea511f93cc16081e9991') in 0.009140 seconds 
========================================================================
Received Import Request.
  Time since last request: 45.871597 seconds.
  path: Assets/All_Hologram_machine/ShaGra_Glowing_Hologram_Machine.shadergraph
  artifactKey: Guid(f435d1a424719354693cf03191f864c4) Importer(815301076,1909f56bfc062723c751e8b465ee728b)
Start importing Assets/All_Hologram_machine/ShaGra_Glowing_Hologram_Machine.shadergraph using Guid(f435d1a424719354693cf03191f864c4) Importer(815301076,1909f56bfc062723c751e8b465ee728b)  -> (artifact id: 'ccab4396e023ce7914b00ee59c6717af') in 0.003673 seconds 
========================================================================
Received Import Request.
  Time since last request: 25.276279 seconds.
  path: Assets/All_Hologram_machine/mat_Hologram_machine 1.mat
  artifactKey: Guid(2bb8678c2e902384c939147e6d6ebfaf) Importer(815301076,1909f56bfc062723c751e8b465ee728b)
Start importing Assets/All_Hologram_machine/mat_Hologram_machine 1.mat using Guid(2bb8678c2e902384c939147e6d6ebfaf) Importer(815301076,1909f56bfc062723c751e8b465ee728b)  -> (artifact id: '13a54b52edafcb1849873b3645a9a59f') in 0.715895 seconds 
========================================================================
Received Import Request.
  Time since last request: 11.524468 seconds.
  path: Assets/All_Hologram_machine/mat_Hologram_machine_Glowy.mat
  artifactKey: Guid(2bb8678c2e902384c939147e6d6ebfaf) Importer(815301076,1909f56bfc062723c751e8b465ee728b)
Start importing Assets/All_Hologram_machine/mat_Hologram_machine_Glowy.mat using Guid(2bb8678c2e902384c939147e6d6ebfaf) Importer(815301076,1909f56bfc062723c751e8b465ee728b)  -> (artifact id: 'de9fc1cff936fd66be5ae549ac3ad791') in 0.030175 seconds 
========================================================================
Received Import Request.
  Time since last request: 231.805928 seconds.
  path: Assets/All_Hologram_machine/ShaGra_Glowing_Hologram_Machine.shadergraph
  artifactKey: Guid(f435d1a424719354693cf03191f864c4) Importer(815301076,1909f56bfc062723c751e8b465ee728b)
Start importing Assets/All_Hologram_machine/ShaGra_Glowing_Hologram_Machine.shadergraph using Guid(f435d1a424719354693cf03191f864c4) Importer(815301076,1909f56bfc062723c751e8b465ee728b)  -> (artifact id: '710e94ec69f2419cd4a2aa001b4320aa') in 0.004461 seconds 
========================================================================
Received Import Request.
  Time since last request: 15.402222 seconds.
  path: Assets/All_Hologram_machine/ShaGra_Glowing_Hologram_Machine.shadergraph
  artifactKey: Guid(f435d1a424719354693cf03191f864c4) Importer(815301076,1909f56bfc062723c751e8b465ee728b)
Start importing Assets/All_Hologram_machine/ShaGra_Glowing_Hologram_Machine.shadergraph using Guid(f435d1a424719354693cf03191f864c4) Importer(815301076,1909f56bfc062723c751e8b465ee728b)  -> (artifact id: '2b813c27b044ee3f44ea49e6520bc2a8') in 0.003654 seconds 
========================================================================
Received Import Request.
  Time since last request: 29.912495 seconds.
  path: Assets/All_Hologram_machine/mat_Hologram_machine_Glowy.mat
  artifactKey: Guid(2bb8678c2e902384c939147e6d6ebfaf) Importer(815301076,1909f56bfc062723c751e8b465ee728b)
Start importing Assets/All_Hologram_machine/mat_Hologram_machine_Glowy.mat using Guid(2bb8678c2e902384c939147e6d6ebfaf) Importer(815301076,1909f56bfc062723c751e8b465ee728b)  -> (artifact id: 'b929d0e5798770c236e1bd76d4b4d798') in 0.840991 seconds 
========================================================================
Received Prepare
Registering precompiled user dll's ...
Registered in 0.008311 seconds.
Begin MonoManager ReloadAssembly
Symbol file LoadedFromMemory doesn't match image C:\Users\timos\OneDrive\Documenten\Unity_projecten\Building_Playfull_World_2\Library\PackageCache\com.unity.visualscripting@1.7.8\Editor\VisualScripting.Core\Dependencies\YamlDotNet\Unity.VisualScripting.YamlDotNet.dll
Symbol file LoadedFromMemory doesn't match image C:\Users\timos\OneDrive\Documenten\Unity_projecten\Building_Playfull_World_2\Library\PackageCache\com.unity.visualscripting@1.7.8\Editor\VisualScripting.Core\Dependencies\DotNetZip\Unity.VisualScripting.IonicZip.dll
Native extension for WindowsStandalone target not found
Refreshing native plugins compatible for Editor in 3.08 ms, found 3 plugins.
Preloading 0 native plugins for Editor in 0.00 ms.
Mono: successfully reloaded assembly
- Completed reload, in  1.376 seconds
Domain Reload Profiling:
	ReloadAssembly (1377ms)
		BeginReloadAssembly (143ms)
			ExecutionOrderSort (0ms)
			DisableScriptedObjects (7ms)
			BackupInstance (0ms)
			ReleaseScriptingObjects (0ms)
			CreateAndSetChildDomain (49ms)
		EndReloadAssembly (1139ms)
			LoadAssemblies (90ms)
			RebuildTransferFunctionScriptingTraits (0ms)
			SetupTypeCache (323ms)
			ReleaseScriptCaches (3ms)
			RebuildScriptCaches (80ms)
			SetupLoadedEditorAssemblies (547ms)
				LogAssemblyErrors (0ms)
				InitializePlatformSupportModulesInManaged (15ms)
				SetLoadedEditorAssemblies (1ms)
				RefreshPlugins (3ms)
				BeforeProcessingInitializeOnLoad (117ms)
				ProcessInitializeOnLoadAttributes (310ms)
				ProcessInitializeOnLoadMethodAttributes (94ms)
				AfterProcessingInitializeOnLoad (7ms)
				EditorAssembliesLoaded (0ms)
			ExecutionOrderSort2 (0ms)
			AwakeInstancesAfterBackupRestoration (15ms)
Platform modules already initialized, skipping
Refreshing native plugins compatible for Editor in 3.71 ms, found 3 plugins.
Preloading 0 native plugins for Editor in 0.00 ms.
Unloading 5711 Unused Serialized files (Serialized files now loaded: 0)
Unloading 31 unused Assets / (1.8 MB). Loaded Objects now: 6452.
Memory consumption went from 260.9 MB to 259.1 MB.
Total: 7.792800 ms (FindLiveObjects: 1.016600 ms CreateObjectMapping: 1.062000 ms MarkObjects: 4.722500 ms  DeleteObjects: 0.990100 ms)

AssetImportParameters requested are different than current active one (requested -> active):
  custom:video-decoder-ogg-theora: a1e56fd34408186e4bbccfd4996cb3dc -> 
  custom:container-muxer-webm: aa71ff27fc2769a1b78a27578f13a17b -> 
  custom:container-demuxer-webm: 4f35f7cbe854078d1ac9338744f61a02 -> 
  custom:video-encoder-webm-vp8: eb34c28f22e8b96e1ab97ce403110664 -> 
  custom:video-codec-MediaFoundation-h265: 746d11721c4dcdbdad8f713fa42b33f4 -> 
  custom:audio-encoder-webm-vorbis: bf7c407c2cedff20999df2af8eb42d56 -> 
  custom:framework-win-MediaFoundation: 216162199b28c13a410421893ffa2e32 -> 
  custom:container-demuxer-ogg: 62fdf1f143b41e24485cea50d1cbac27 -> 
  custom:video-decoder-webm-vp8: 9c59270c3fd7afecdb556c50c9e8de78 -> 
  custom:audio-decoder-ogg-vorbis: bf7c407c2cedff20999df2af8eb42d56 -> 
========================================================================
Received Import Request.
  Time since last request: 608.185021 seconds.
  path: Assets/Standard Assets/Environment/TerrainAssets/SurfaceTextures/CliffAlbedoSpecular.psd
  artifactKey: Guid(18214e9d6af6248559d501391856f1c7) Importer(815301076,1909f56bfc062723c751e8b465ee728b)
Start importing Assets/Standard Assets/Environment/TerrainAssets/SurfaceTextures/CliffAlbedoSpecular.psd using Guid(18214e9d6af6248559d501391856f1c7) Importer(815301076,1909f56bfc062723c751e8b465ee728b)  -> (artifact id: '24630d490b67165f8e1bd74a934bd49f') in 0.103577 seconds 
========================================================================
Received Import Request.
  Time since last request: 0.000036 seconds.
  path: Assets/Standard Assets/Environment/TerrainAssets/SurfaceTextures/MudRockyAlbedoSpecular.bmp
  artifactKey: Guid(ef5c51cfa2ce46043a41a376b560c525) Importer(815301076,1909f56bfc062723c751e8b465ee728b)
Start importing Assets/Standard Assets/Environment/TerrainAssets/SurfaceTextures/MudRockyAlbedoSpecular.bmp using Guid(ef5c51cfa2ce46043a41a376b560c525) Importer(815301076,1909f56bfc062723c751e8b465ee728b)  -> (artifact id: '06feb246448dedb394f960149acbac21') in 0.030125 seconds 
========================================================================
Received Import Request.
  Time since last request: 0.000041 seconds.
  path: Assets/Standard Assets/Environment/TerrainAssets/SurfaceTextures/SandAlbedo.psd
  artifactKey: Guid(bfd675cc0db1d4656b75dc6d6ba91142) Importer(815301076,1909f56bfc062723c751e8b465ee728b)
Start importing Assets/Standard Assets/Environment/TerrainAssets/SurfaceTextures/SandAlbedo.psd using Guid(bfd675cc0db1d4656b75dc6d6ba91142) Importer(815301076,1909f56bfc062723c751e8b465ee728b)  -> (artifact id: 'e33f7a5c0835f14a24baea1c327f857b') in 0.027408 seconds 
Editor requested this worker to shutdown with reason: Scaling down because of idle timeout
AssetImportWorker is now disconnected from the server
Process exiting
Exiting without the bug reporter. Application will terminate with return code 0