Using pre-set license
Built from '2021.3/evg/staging/82bb020e-b03b1330/draft-0' branch; Version is '2021.3.16f1 (4016570cf34f) revision 4200023'; Using compiler version '192829333'; Build Type 'Release'
OS: 'Windows 11  (10.0.22621) 64bit Core' Language: 'nl' Physical Memory: 14188 MB
BatchMode: 1, IsHumanControllingUs: 0, StartBugReporterOnCrash: 0, Is64bit: 1, IsPro: 1

COMMAND LINE ARGUMENTS:
C:\Program Files\Unity\Hub\Editor\2021.3.16f1\Editor\Unity.exe
-adb2
-batchMode
-noUpm
-name
AssetImportWorker4
-projectPath
C:/FIlls_data_PC/Fork/Building_Playfull_Worlds_3_testing_3/Building_Playfull_Worlds_2_test/Building_Playfull_World_2_Git_Backup
-logFile
Logs/AssetImportWorker4.log
-srvPort
62898
Successfully changed project path to: C:/FIlls_data_PC/Fork/Building_Playfull_Worlds_3_testing_3/Building_Playfull_Worlds_2_test/Building_Playfull_World_2_Git_Backup
C:/FIlls_data_PC/Fork/Building_Playfull_Worlds_3_testing_3/Building_Playfull_Worlds_2_test/Building_Playfull_World_2_Git_Backup
[UnityMemory] Configuration Parameters - Can be set up in boot.config
    "memorysetup-bucket-allocator-granularity=16"
    "memorysetup-bucket-allocator-bucket-count=8"
    "memorysetup-bucket-allocator-block-size=33554432"
    "memorysetup-bucket-allocator-block-count=8"
    "memorysetup-main-allocator-block-size=16777216"
    "memorysetup-thread-allocator-block-size=16777216"
    "memorysetup-gfx-main-allocator-block-size=16777216"
    "memorysetup-gfx-thread-allocator-block-size=16777216"
    "memorysetup-cache-allocator-block-size=4194304"
    "memorysetup-typetree-allocator-block-size=2097152"
    "memorysetup-profiler-bucket-allocator-granularity=16"
    "memorysetup-profiler-bucket-allocator-bucket-count=8"
    "memorysetup-profiler-bucket-allocator-block-size=33554432"
    "memorysetup-profiler-bucket-allocator-block-count=8"
    "memorysetup-profiler-allocator-block-size=16777216"
    "memorysetup-profiler-editor-allocator-block-size=1048576"
    "memorysetup-temp-allocator-size-main=16777216"
    "memorysetup-job-temp-allocator-block-size=2097152"
    "memorysetup-job-temp-allocator-block-size-background=1048576"
    "memorysetup-job-temp-allocator-reduction-small-platforms=262144"
    "memorysetup-temp-allocator-size-background-worker=32768"
    "memorysetup-temp-allocator-size-job-worker=262144"
    "memorysetup-temp-allocator-size-preload-manager=33554432"
    "memorysetup-temp-allocator-size-nav-mesh-worker=65536"
    "memorysetup-temp-allocator-size-audio-worker=65536"
    "memorysetup-temp-allocator-size-cloud-worker=32768"
    "memorysetup-temp-allocator-size-gi-baking-worker=262144"
    "memorysetup-temp-allocator-size-gfx=262144"
Player connection [17316] Host "[IP] 192.168.2.35 [Port] 0 [Flags] 2 [Guid] 1133909012 [EditorId] 1133909012 [Version] 1048832 [Id] WindowsEditor(7,LAPTOP-QO9H7M4E) [Debug] 1 [PackageName] WindowsEditor [ProjectName] Editor" joined multi-casting on [225.0.0.222:54997]...

Player connection [17316] Host "[IP] 192.168.2.35 [Port] 0 [Flags] 2 [Guid] 1133909012 [EditorId] 1133909012 [Version] 1048832 [Id] WindowsEditor(7,LAPTOP-QO9H7M4E) [Debug] 1 [PackageName] WindowsEditor [ProjectName] Editor" joined alternative multi-casting on [225.0.0.222:34997]...

Refreshing native plugins compatible for Editor in 126.39 ms, found 3 plugins.
Preloading 0 native plugins for Editor in 0.00 ms.
Initialize engine version: 2021.3.16f1 (4016570cf34f)
[Subsystems] Discovering subsystems at path C:/Program Files/Unity/Hub/Editor/2021.3.16f1/Editor/Data/Resources/UnitySubsystems
[Subsystems] Discovering subsystems at path C:/FIlls_data_PC/Fork/Building_Playfull_Worlds_3_testing_3/Building_Playfull_Worlds_2_test/Building_Playfull_World_2_Git_Backup/Assets
GfxDevice: creating device client; threaded=0; jobified=0
Direct3D:
    Version:  Direct3D 11.0 [level 11.1]
    Renderer: NVIDIA GeForce RTX 3060 Laptop GPU (ID=0x2560)
    Vendor:   NVIDIA
    VRAM:     6009 MB
    Driver:   31.0.15.2799
Initialize mono
Mono path[0] = 'C:/Program Files/Unity/Hub/Editor/2021.3.16f1/Editor/Data/Managed'
Mono path[1] = 'C:/Program Files/Unity/Hub/Editor/2021.3.16f1/Editor/Data/MonoBleedingEdge/lib/mono/unityjit-win32'
Mono config path = 'C:/Program Files/Unity/Hub/Editor/2021.3.16f1/Editor/Data/MonoBleedingEdge/etc'
Using monoOptions --debugger-agent=transport=dt_socket,embedding=1,server=y,suspend=n,address=127.0.0.1:56272
Begin MonoManager ReloadAssembly
Registering precompiled unity dll's ...
Register platform support module: C:/Program Files/Unity/Hub/Editor/2021.3.16f1/Editor/Data/PlaybackEngines/WindowsStandaloneSupport/UnityEditor.WindowsStandalone.Extensions.dll
Registered in 0.004243 seconds.
Native extension for WindowsStandalone target not found
Refreshing native plugins compatible for Editor in 193.18 ms, found 3 plugins.
Preloading 0 native plugins for Editor in 0.00 ms.
Mono: successfully reloaded assembly
- Completed reload, in  0.765 seconds
Domain Reload Profiling:
	ReloadAssembly (766ms)
		BeginReloadAssembly (60ms)
			ExecutionOrderSort (0ms)
			DisableScriptedObjects (0ms)
			BackupInstance (0ms)
			ReleaseScriptingObjects (0ms)
			CreateAndSetChildDomain (1ms)
		EndReloadAssembly (613ms)
			LoadAssemblies (58ms)
			RebuildTransferFunctionScriptingTraits (0ms)
			SetupTypeCache (81ms)
			ReleaseScriptCaches (0ms)
			RebuildScriptCaches (36ms)
			SetupLoadedEditorAssemblies (442ms)
				LogAssemblyErrors (0ms)
				InitializePlatformSupportModulesInManaged (11ms)
				SetLoadedEditorAssemblies (0ms)
				RefreshPlugins (193ms)
				BeforeProcessingInitializeOnLoad (2ms)
				ProcessInitializeOnLoadAttributes (171ms)
				ProcessInitializeOnLoadMethodAttributes (64ms)
				AfterProcessingInitializeOnLoad (0ms)
				EditorAssembliesLoaded (0ms)
			ExecutionOrderSort2 (0ms)
			AwakeInstancesAfterBackupRestoration (0ms)
Platform modules already initialized, skipping
Registering precompiled user dll's ...
Registered in 0.010598 seconds.
Begin MonoManager ReloadAssembly
Symbol file LoadedFromMemory doesn't match image C:\FIlls_data_PC\Fork\Building_Playfull_Worlds_3_testing_3\Building_Playfull_Worlds_2_test\Building_Playfull_World_2_Git_Backup\Library\PackageCache\com.unity.visualscripting@1.7.8\Editor\VisualScripting.Core\Dependencies\YamlDotNet\Unity.VisualScripting.YamlDotNet.dll
Symbol file LoadedFromMemory doesn't match image C:\FIlls_data_PC\Fork\Building_Playfull_Worlds_3_testing_3\Building_Playfull_Worlds_2_test\Building_Playfull_World_2_Git_Backup\Library\PackageCache\com.unity.visualscripting@1.7.8\Editor\VisualScripting.Core\Dependencies\DotNetZip\Unity.VisualScripting.IonicZip.dll
Native extension for WindowsStandalone target not found
Refreshing native plugins compatible for Editor in 133.56 ms, found 3 plugins.
Preloading 0 native plugins for Editor in 0.00 ms.
Mono: successfully reloaded assembly
- Completed reload, in  1.761 seconds
Domain Reload Profiling:
	ReloadAssembly (1762ms)
		BeginReloadAssembly (131ms)
			ExecutionOrderSort (0ms)
			DisableScriptedObjects (7ms)
			BackupInstance (0ms)
			ReleaseScriptingObjects (0ms)
			CreateAndSetChildDomain (29ms)
		EndReloadAssembly (1491ms)
			LoadAssemblies (117ms)
			RebuildTransferFunctionScriptingTraits (0ms)
			SetupTypeCache (426ms)
			ReleaseScriptCaches (1ms)
			RebuildScriptCaches (106ms)
			SetupLoadedEditorAssemblies (792ms)
				LogAssemblyErrors (0ms)
				InitializePlatformSupportModulesInManaged (4ms)
				SetLoadedEditorAssemblies (0ms)
				RefreshPlugins (134ms)
				BeforeProcessingInitializeOnLoad (122ms)
				ProcessInitializeOnLoadAttributes (457ms)
				ProcessInitializeOnLoadMethodAttributes (69ms)
				AfterProcessingInitializeOnLoad (6ms)
				EditorAssembliesLoaded (0ms)
			ExecutionOrderSort2 (0ms)
			AwakeInstancesAfterBackupRestoration (5ms)
Platform modules already initialized, skipping
========================================================================
Worker process is ready to serve import requests
Launched and connected shader compiler UnityShaderCompiler.exe after 0.04 seconds
Refreshing native plugins compatible for Editor in 1.40 ms, found 3 plugins.
Preloading 0 native plugins for Editor in 0.00 ms.
Unloading 6256 Unused Serialized files (Serialized files now loaded: 0)
Unloading 71 unused Assets / (3.2 MB). Loaded Objects now: 6737.
Memory consumption went from 299.9 MB to 296.7 MB.
Total: 4.530700 ms (FindLiveObjects: 0.451200 ms CreateObjectMapping: 0.189000 ms MarkObjects: 3.084000 ms  DeleteObjects: 0.804100 ms)

AssetImportParameters requested are different than current active one (requested -> active):
  custom:video-decoder-ogg-theora: a1e56fd34408186e4bbccfd4996cb3dc -> 
  custom:container-muxer-webm: aa71ff27fc2769a1b78a27578f13a17b -> 
  custom:container-demuxer-webm: 4f35f7cbe854078d1ac9338744f61a02 -> 
  custom:video-encoder-webm-vp8: eb34c28f22e8b96e1ab97ce403110664 -> 
  custom:video-codec-MediaFoundation-h265: 746d11721c4dcdbdad8f713fa42b33f4 -> 
  custom:audio-encoder-webm-vorbis: bf7c407c2cedff20999df2af8eb42d56 -> 
  custom:framework-win-MediaFoundation: 216162199b28c13a410421893ffa2e32 -> 
  custom:container-demuxer-ogg: 62fdf1f143b41e24485cea50d1cbac27 -> 
  custom:video-decoder-webm-vp8: 9c59270c3fd7afecdb556c50c9e8de78 -> 
  custom:audio-decoder-ogg-vorbis: bf7c407c2cedff20999df2af8eb42d56 -> 
========================================================================
Received Import Request.
  Time since last request: 1569823.257588 seconds.
  path: Assets/mesh_obstructions/mat_Road_blockade.mat
  artifactKey: Guid(673f9a645c329c9409f15bfc8142aea2) Importer(815301076,1909f56bfc062723c751e8b465ee728b)
Start importing Assets/mesh_obstructions/mat_Road_blockade.mat using Guid(673f9a645c329c9409f15bfc8142aea2) Importer(815301076,1909f56bfc062723c751e8b465ee728b)  -> (artifact id: '5f0c1845a092ce1065c5a4112d9abf4b') in 0.339702 seconds 
========================================================================
Received Import Request.
  Time since last request: 15.623178 seconds.
  path: Assets/All_mesh_Assets/TerrainDemoScene_URP/Settings/Noise/3DFractal_Noise_01.tga
  artifactKey: Guid(4546e4d25730c7d44bdd30015bb2fad3) Importer(815301076,1909f56bfc062723c751e8b465ee728b)
Start importing Assets/All_mesh_Assets/TerrainDemoScene_URP/Settings/Noise/3DFractal_Noise_01.tga using Guid(4546e4d25730c7d44bdd30015bb2fad3) Importer(815301076,1909f56bfc062723c751e8b465ee728b)  -> (artifact id: '3754c1d491028dec22dc0e71db39569c') in 0.045917 seconds 
========================================================================
Received Import Request.
  Time since last request: 5.651407 seconds.
  path: Assets/All_mesh_Assets/TerrainDemoScene_URP/Terrain/Textures/Black_Sand_A/Black_Sand_A_BaseColor.tif
  artifactKey: Guid(6aab93b9087589c4192d2624f87ae3a9) Importer(815301076,1909f56bfc062723c751e8b465ee728b)
Start importing Assets/All_mesh_Assets/TerrainDemoScene_URP/Terrain/Textures/Black_Sand_A/Black_Sand_A_BaseColor.tif using Guid(6aab93b9087589c4192d2624f87ae3a9) Importer(815301076,1909f56bfc062723c751e8b465ee728b)  -> (artifact id: '4e56a61eee6efd1baec08d04351b85f7') in 0.054366 seconds 
========================================================================
Received Import Request.
  Time since last request: 0.000043 seconds.
  path: Assets/All_mesh_Assets/TerrainDemoScene_URP/Terrain/Textures/Pebbles_B/Pebbles_B_BaseColor.tif
  artifactKey: Guid(96a97b0ab56f58b458314ccf0f97c004) Importer(815301076,1909f56bfc062723c751e8b465ee728b)
Start importing Assets/All_mesh_Assets/TerrainDemoScene_URP/Terrain/Textures/Pebbles_B/Pebbles_B_BaseColor.tif using Guid(96a97b0ab56f58b458314ccf0f97c004) Importer(815301076,1909f56bfc062723c751e8b465ee728b)  -> (artifact id: 'ee53f9c932522d115fe27ff91d3d391a') in 0.028503 seconds 
========================================================================
Received Import Request.
  Time since last request: 0.000062 seconds.
  path: Assets/All_mesh_Assets/TerrainDemoScene_URP/Prefabs/Rocks/Textures/Rock_Overgrown_I/Rock_Overgrown_I_BaseColor.tif
  artifactKey: Guid(3ef1d60cd3b21b64ca1918262412b0f8) Importer(815301076,1909f56bfc062723c751e8b465ee728b)
Start importing Assets/All_mesh_Assets/TerrainDemoScene_URP/Prefabs/Rocks/Textures/Rock_Overgrown_I/Rock_Overgrown_I_BaseColor.tif using Guid(3ef1d60cd3b21b64ca1918262412b0f8) Importer(815301076,1909f56bfc062723c751e8b465ee728b)  -> (artifact id: '31df6e17e85bc9b1aeb6cae25d94b2f6') in 0.031137 seconds 
========================================================================
Received Import Request.
  Time since last request: 0.000052 seconds.
  path: Assets/All_mesh_Assets/TerrainDemoScene_URP/Terrain/Textures/Heather_A/Heather_A_BaseColor.tif
  artifactKey: Guid(87735acf16005914dba9087627517773) Importer(815301076,1909f56bfc062723c751e8b465ee728b)
Start importing Assets/All_mesh_Assets/TerrainDemoScene_URP/Terrain/Textures/Heather_A/Heather_A_BaseColor.tif using Guid(87735acf16005914dba9087627517773) Importer(815301076,1909f56bfc062723c751e8b465ee728b)  -> (artifact id: '4f1837498576dee4c1ce37879f2c6331') in 0.035553 seconds 
========================================================================
Received Import Request.
  Time since last request: 0.000037 seconds.
  path: Assets/All_mesh_Assets/TerrainDemoScene_URP/Prefabs/Rocks/Textures/Cliff_Mossy_A/Cliff_Mossy_A_BaseColor.tif
  artifactKey: Guid(bdee92c9513af5544943c766cbe273eb) Importer(815301076,1909f56bfc062723c751e8b465ee728b)
Start importing Assets/All_mesh_Assets/TerrainDemoScene_URP/Prefabs/Rocks/Textures/Cliff_Mossy_A/Cliff_Mossy_A_BaseColor.tif using Guid(bdee92c9513af5544943c766cbe273eb) Importer(815301076,1909f56bfc062723c751e8b465ee728b)  -> (artifact id: 'a6df980ac14f55b5b602369c9c20cb10') in 0.028457 seconds 
========================================================================
Received Import Request.
  Time since last request: 0.000042 seconds.
  path: Assets/All_mesh_Assets/TerrainDemoScene_URP/Prefabs/Rocks/Textures/Rock_Overgrown_A/Rock_Overgrown_A_BaseColor.tif
  artifactKey: Guid(ee3f3d98d38dba243a6d4938f2edc4a1) Importer(815301076,1909f56bfc062723c751e8b465ee728b)
Start importing Assets/All_mesh_Assets/TerrainDemoScene_URP/Prefabs/Rocks/Textures/Rock_Overgrown_A/Rock_Overgrown_A_BaseColor.tif using Guid(ee3f3d98d38dba243a6d4938f2edc4a1) Importer(815301076,1909f56bfc062723c751e8b465ee728b)  -> (artifact id: '2e1d2eccf11e6fcdfb0c7271915bae58') in 0.029317 seconds 
========================================================================
Received Import Request.
  Time since last request: 0.000031 seconds.
  path: Assets/All_mesh_Assets/TerrainDemoScene_URP/Prefabs/Details/Textures/Bush_Twig_BaseColor.tif
  artifactKey: Guid(e46379dffbb1ffd4db4312b654ed68b8) Importer(815301076,1909f56bfc062723c751e8b465ee728b)
Start importing Assets/All_mesh_Assets/TerrainDemoScene_URP/Prefabs/Details/Textures/Bush_Twig_BaseColor.tif using Guid(e46379dffbb1ffd4db4312b654ed68b8) Importer(815301076,1909f56bfc062723c751e8b465ee728b)  -> (artifact id: 'af7f3b85689294c4d81d2581e5651226') in 0.027691 seconds 
========================================================================
Received Import Request.
  Time since last request: 6.414765 seconds.
  path: Assets/All_mesh_Assets/TerrainDemoScene_URP/Prefabs/Trees/Pines/Pine_D/Textures/Bark_Normal.png
  artifactKey: Guid(3c5395a6f02d6f34188a8b7ca1ea9112) Importer(815301076,1909f56bfc062723c751e8b465ee728b)
Start importing Assets/All_mesh_Assets/TerrainDemoScene_URP/Prefabs/Trees/Pines/Pine_D/Textures/Bark_Normal.png using Guid(3c5395a6f02d6f34188a8b7ca1ea9112) Importer(815301076,1909f56bfc062723c751e8b465ee728b)  -> (artifact id: '21b36da590bd368e6f3b62e45536edbb') in 0.049010 seconds 
========================================================================
Received Import Request.
  Time since last request: 0.000043 seconds.
  path: Assets/All_mesh_Assets/TerrainDemoScene_URP/Terrain/Textures/Black_Sand_Rocks_B/Black_Sand_Rocks_B_MaskMap.tif
  artifactKey: Guid(33e332af78571f249aa14092c01288cb) Importer(815301076,1909f56bfc062723c751e8b465ee728b)
Start importing Assets/All_mesh_Assets/TerrainDemoScene_URP/Terrain/Textures/Black_Sand_Rocks_B/Black_Sand_Rocks_B_MaskMap.tif using Guid(33e332af78571f249aa14092c01288cb) Importer(815301076,1909f56bfc062723c751e8b465ee728b)  -> (artifact id: '4a3b99fa85a2ee293b99c0fdb29d3325') in 0.036019 seconds 
========================================================================
Received Import Request.
  Time since last request: 0.000054 seconds.
  path: Assets/All_mesh_Assets/TerrainDemoScene_URP/Prefabs/Rocks/Textures/Cliff_Mossy_B/Cliff_Mossy_B_MaskMap.tif
  artifactKey: Guid(ae78e231ab68a1348892ac2eb6619d29) Importer(815301076,1909f56bfc062723c751e8b465ee728b)
Start importing Assets/All_mesh_Assets/TerrainDemoScene_URP/Prefabs/Rocks/Textures/Cliff_Mossy_B/Cliff_Mossy_B_MaskMap.tif using Guid(ae78e231ab68a1348892ac2eb6619d29) Importer(815301076,1909f56bfc062723c751e8b465ee728b)  -> (artifact id: '113993977092044557909ff76e8c0484') in 0.043222 seconds 
========================================================================
Received Import Request.
  Time since last request: 0.000092 seconds.
  path: Assets/All_mesh_Assets/TerrainDemoScene_URP/Prefabs/Rocks/Textures/Cliff_Mossy_B/Cliff_Mossy_B_Normal.tif
  artifactKey: Guid(998afff0a8c6b4f438a62873b64368dd) Importer(815301076,1909f56bfc062723c751e8b465ee728b)
Start importing Assets/All_mesh_Assets/TerrainDemoScene_URP/Prefabs/Rocks/Textures/Cliff_Mossy_B/Cliff_Mossy_B_Normal.tif using Guid(998afff0a8c6b4f438a62873b64368dd) Importer(815301076,1909f56bfc062723c751e8b465ee728b)  -> (artifact id: 'f8ab4a90ed59a60ad97fcfe18e55c99c') in 0.039467 seconds 
========================================================================
Received Import Request.
  Time since last request: 0.000065 seconds.
  path: Assets/All_mesh_Assets/TerrainDemoScene_URP/Prefabs/Details/Textures/Bush_A_MaskMap.tif
  artifactKey: Guid(0e1771a5cd057014db71494d5a458d40) Importer(815301076,1909f56bfc062723c751e8b465ee728b)
Start importing Assets/All_mesh_Assets/TerrainDemoScene_URP/Prefabs/Details/Textures/Bush_A_MaskMap.tif using Guid(0e1771a5cd057014db71494d5a458d40) Importer(815301076,1909f56bfc062723c751e8b465ee728b)  -> (artifact id: '71021df4bc0b170791068988e5646da8') in 0.034148 seconds 
========================================================================
Received Import Request.
  Time since last request: 0.000034 seconds.
  path: Assets/Standard Assets/Environment/SpeedTree/Broadleaf/BroadleafBark_Normal.tga
  artifactKey: Guid(34f07406286974e4ca236867d8d58b51) Importer(815301076,1909f56bfc062723c751e8b465ee728b)
Start importing Assets/Standard Assets/Environment/SpeedTree/Broadleaf/BroadleafBark_Normal.tga using Guid(34f07406286974e4ca236867d8d58b51) Importer(815301076,1909f56bfc062723c751e8b465ee728b)  -> (artifact id: '280b07bf31e44d3f49fa48c1e359ad69') in 0.034332 seconds 
========================================================================
Received Import Request.
  Time since last request: 0.000053 seconds.
  path: Assets/Standard Assets/Environment/SpeedTree/Broadleaf/Broadleaves_Mobile_Normal.tga
  artifactKey: Guid(7bdd8cb386e0b554b84cb783663bb4fc) Importer(815301076,1909f56bfc062723c751e8b465ee728b)
Start importing Assets/Standard Assets/Environment/SpeedTree/Broadleaf/Broadleaves_Mobile_Normal.tga using Guid(7bdd8cb386e0b554b84cb783663bb4fc) Importer(815301076,1909f56bfc062723c751e8b465ee728b)  -> (artifact id: '1391ec4b0816a323e07ec2b3b64e1569') in 0.033666 seconds 
========================================================================
Received Import Request.
  Time since last request: 0.000066 seconds.
  path: Packages/com.unity.cinemachine/Editor/EditorResources/Cinemachine_header.tif
  artifactKey: Guid(372fe04232d5ed94d8d71524616c1543) Importer(815301076,1909f56bfc062723c751e8b465ee728b)
Start importing Packages/com.unity.cinemachine/Editor/EditorResources/Cinemachine_header.tif using Guid(372fe04232d5ed94d8d71524616c1543) Importer(815301076,1909f56bfc062723c751e8b465ee728b)  -> (artifact id: '879006db8c0b4bb4233b55dd892a2eeb') in 0.029699 seconds 
========================================================================
Received Import Request.
  Time since last request: 164.617039 seconds.
  path: Assets/mesh_obstructions/mat_extra_Road_Blockade.mat
  artifactKey: Guid(49150be063703d1469a8ded9b46b5a06) Importer(815301076,1909f56bfc062723c751e8b465ee728b)
Start importing Assets/mesh_obstructions/mat_extra_Road_Blockade.mat using Guid(49150be063703d1469a8ded9b46b5a06) Importer(815301076,1909f56bfc062723c751e8b465ee728b)  -> (artifact id: '63af0469649fe6da814e7f51bbc24b41') in 0.019341 seconds 
========================================================================
Received Import Request.
  Time since last request: 4.857805 seconds.
  path: Assets/mesh_obstructions/Texrures_Road_blockade/Material_Normal.png
  artifactKey: Guid(deb870d154f4d6d44b2c73beb773dd2d) Importer(815301076,1909f56bfc062723c751e8b465ee728b)
Start importing Assets/mesh_obstructions/Texrures_Road_blockade/Material_Normal.png using Guid(deb870d154f4d6d44b2c73beb773dd2d) Importer(815301076,1909f56bfc062723c751e8b465ee728b)  -> (artifact id: '49de9a13a09396ed839f7788f1eeda45') in 0.025477 seconds 
========================================================================
Received Import Request.
  Time since last request: 32.615608 seconds.
  path: Assets/mesh_obstructions/Texrures_Road_blockade/textures_extra_Road_Bloackade
  artifactKey: Guid(21b903add2c7e1147933962bbc971de7) Importer(815301076,1909f56bfc062723c751e8b465ee728b)
Start importing Assets/mesh_obstructions/Texrures_Road_blockade/textures_extra_Road_Bloackade using Guid(21b903add2c7e1147933962bbc971de7) Importer(815301076,1909f56bfc062723c751e8b465ee728b)  -> (artifact id: '1c9a68287b85f253ff1b4b1a21db9c47') in 0.008352 seconds 
========================================================================
Received Import Request.
  Time since last request: 8.655220 seconds.
  path: Assets/mesh_obstructions/Texrures_Road_blockade/textures_extra_Road_Bloackade/Material_Base_color.png
  artifactKey: Guid(e43efb46c4d8567408877ddcbea1c90d) Importer(815301076,1909f56bfc062723c751e8b465ee728b)
Start importing Assets/mesh_obstructions/Texrures_Road_blockade/textures_extra_Road_Bloackade/Material_Base_color.png using Guid(e43efb46c4d8567408877ddcbea1c90d) Importer(815301076,1909f56bfc062723c751e8b465ee728b)  -> (artifact id: '80c41db8e0ffdf94790238d93369dbdf') in 0.020605 seconds 
========================================================================
Received Import Request.
  Time since last request: 0.000048 seconds.
  path: Assets/mesh_obstructions/Texrures_Road_blockade/textures_extra_Road_Bloackade/Material_Normal_OpenGL.png
  artifactKey: Guid(53f673943e4716346b3cb7765fdc0f05) Importer(815301076,1909f56bfc062723c751e8b465ee728b)
Start importing Assets/mesh_obstructions/Texrures_Road_blockade/textures_extra_Road_Bloackade/Material_Normal_OpenGL.png using Guid(53f673943e4716346b3cb7765fdc0f05) Importer(815301076,1909f56bfc062723c751e8b465ee728b)  -> (artifact id: '84551aa3f4d58c22181f26086a72852e') in 0.017664 seconds 
========================================================================
Received Import Request.
  Time since last request: 0.000027 seconds.
  path: Assets/mesh_obstructions/Texrures_Road_blockade/textures_extra_Road_Bloackade/Material_Roughness.png
  artifactKey: Guid(45f7c5b5bf317ae4986ab61967ac51bf) Importer(815301076,1909f56bfc062723c751e8b465ee728b)
Start importing Assets/mesh_obstructions/Texrures_Road_blockade/textures_extra_Road_Bloackade/Material_Roughness.png using Guid(45f7c5b5bf317ae4986ab61967ac51bf) Importer(815301076,1909f56bfc062723c751e8b465ee728b)  -> (artifact id: '9e4275af4a58bad7df466a1905043bfb') in 0.016973 seconds 
Editor requested this worker to shutdown with reason: Scaling down because of idle timeout
AssetImportWorker is now disconnected from the server
Process exiting
Exiting without the bug reporter. Application will terminate with return code 0