Using pre-set license
Built from '2021.3/evg/staging/82bb020e-b03b1330/draft-0' branch; Version is '2021.3.16f1 (4016570cf34f) revision 4200023'; Using compiler version '192829333'; Build Type 'Release'
OS: 'Windows 11  (10.0.22621) 64bit Core' Language: 'nl' Physical Memory: 14188 MB
BatchMode: 1, IsHumanControllingUs: 0, StartBugReporterOnCrash: 0, Is64bit: 1, IsPro: 1

COMMAND LINE ARGUMENTS:
C:\Program Files\Unity\Hub\Editor\2021.3.16f1\Editor\Unity.exe
-adb2
-batchMode
-noUpm
-name
AssetImportWorker9
-projectPath
C:/Users/timos/OneDrive/Documenten/Unity_projecten/Building_Playfull_World_2
-logFile
Logs/AssetImportWorker9.log
-srvPort
52361
Successfully changed project path to: C:/Users/timos/OneDrive/Documenten/Unity_projecten/Building_Playfull_World_2
C:/Users/timos/OneDrive/Documenten/Unity_projecten/Building_Playfull_World_2
[UnityMemory] Configuration Parameters - Can be set up in boot.config
    "memorysetup-bucket-allocator-granularity=16"
    "memorysetup-bucket-allocator-bucket-count=8"
    "memorysetup-bucket-allocator-block-size=33554432"
    "memorysetup-bucket-allocator-block-count=8"
    "memorysetup-main-allocator-block-size=16777216"
    "memorysetup-thread-allocator-block-size=16777216"
    "memorysetup-gfx-main-allocator-block-size=16777216"
    "memorysetup-gfx-thread-allocator-block-size=16777216"
    "memorysetup-cache-allocator-block-size=4194304"
    "memorysetup-typetree-allocator-block-size=2097152"
    "memorysetup-profiler-bucket-allocator-granularity=16"
    "memorysetup-profiler-bucket-allocator-bucket-count=8"
    "memorysetup-profiler-bucket-allocator-block-size=33554432"
    "memorysetup-profiler-bucket-allocator-block-count=8"
    "memorysetup-profiler-allocator-block-size=16777216"
    "memorysetup-profiler-editor-allocator-block-size=1048576"
    "memorysetup-temp-allocator-size-main=16777216"
    "memorysetup-job-temp-allocator-block-size=2097152"
    "memorysetup-job-temp-allocator-block-size-background=1048576"
    "memorysetup-job-temp-allocator-reduction-small-platforms=262144"
    "memorysetup-temp-allocator-size-background-worker=32768"
    "memorysetup-temp-allocator-size-job-worker=262144"
    "memorysetup-temp-allocator-size-preload-manager=33554432"
    "memorysetup-temp-allocator-size-nav-mesh-worker=65536"
    "memorysetup-temp-allocator-size-audio-worker=65536"
    "memorysetup-temp-allocator-size-cloud-worker=32768"
    "memorysetup-temp-allocator-size-gi-baking-worker=262144"
    "memorysetup-temp-allocator-size-gfx=262144"
Player connection [4748] Host "[IP] 192.168.2.49 [Port] 0 [Flags] 2 [Guid] 3517142911 [EditorId] 3517142911 [Version] 1048832 [Id] WindowsEditor(7,LAPTOP-QO9H7M4E) [Debug] 1 [PackageName] WindowsEditor [ProjectName] Editor" joined multi-casting on [225.0.0.222:54997]...

Player connection [4748] Host "[IP] 192.168.2.49 [Port] 0 [Flags] 2 [Guid] 3517142911 [EditorId] 3517142911 [Version] 1048832 [Id] WindowsEditor(7,LAPTOP-QO9H7M4E) [Debug] 1 [PackageName] WindowsEditor [ProjectName] Editor" joined alternative multi-casting on [225.0.0.222:34997]...

Refreshing native plugins compatible for Editor in 184.74 ms, found 3 plugins.
Preloading 0 native plugins for Editor in 0.00 ms.
Initialize engine version: 2021.3.16f1 (4016570cf34f)
[Subsystems] Discovering subsystems at path C:/Program Files/Unity/Hub/Editor/2021.3.16f1/Editor/Data/Resources/UnitySubsystems
[Subsystems] Discovering subsystems at path C:/Users/timos/OneDrive/Documenten/Unity_projecten/Building_Playfull_World_2/Assets
GfxDevice: creating device client; threaded=0; jobified=0
Direct3D:
    Version:  Direct3D 11.0 [level 11.1]
    Renderer: NVIDIA GeForce RTX 3060 Laptop GPU (ID=0x2560)
    Vendor:   NVIDIA
    VRAM:     6009 MB
    Driver:   31.0.15.2799
Initialize mono
Mono path[0] = 'C:/Program Files/Unity/Hub/Editor/2021.3.16f1/Editor/Data/Managed'
Mono path[1] = 'C:/Program Files/Unity/Hub/Editor/2021.3.16f1/Editor/Data/MonoBleedingEdge/lib/mono/unityjit-win32'
Mono config path = 'C:/Program Files/Unity/Hub/Editor/2021.3.16f1/Editor/Data/MonoBleedingEdge/etc'
Using monoOptions --debugger-agent=transport=dt_socket,embedding=1,server=y,suspend=n,address=127.0.0.1:56148
Begin MonoManager ReloadAssembly
Registering precompiled unity dll's ...
Register platform support module: C:/Program Files/Unity/Hub/Editor/2021.3.16f1/Editor/Data/PlaybackEngines/WindowsStandaloneSupport/UnityEditor.WindowsStandalone.Extensions.dll
Registered in 0.004943 seconds.
Native extension for WindowsStandalone target not found
Refreshing native plugins compatible for Editor in 168.07 ms, found 3 plugins.
Preloading 0 native plugins for Editor in 0.00 ms.
Mono: successfully reloaded assembly
- Completed reload, in  0.811 seconds
Domain Reload Profiling:
	ReloadAssembly (811ms)
		BeginReloadAssembly (82ms)
			ExecutionOrderSort (0ms)
			DisableScriptedObjects (0ms)
			BackupInstance (0ms)
			ReleaseScriptingObjects (0ms)
			CreateAndSetChildDomain (1ms)
		EndReloadAssembly (606ms)
			LoadAssemblies (79ms)
			RebuildTransferFunctionScriptingTraits (0ms)
			SetupTypeCache (116ms)
			ReleaseScriptCaches (0ms)
			RebuildScriptCaches (32ms)
			SetupLoadedEditorAssemblies (394ms)
				LogAssemblyErrors (0ms)
				InitializePlatformSupportModulesInManaged (8ms)
				SetLoadedEditorAssemblies (0ms)
				RefreshPlugins (168ms)
				BeforeProcessingInitializeOnLoad (1ms)
				ProcessInitializeOnLoadAttributes (162ms)
				ProcessInitializeOnLoadMethodAttributes (54ms)
				AfterProcessingInitializeOnLoad (0ms)
				EditorAssembliesLoaded (0ms)
			ExecutionOrderSort2 (0ms)
			AwakeInstancesAfterBackupRestoration (0ms)
Platform modules already initialized, skipping
Registering precompiled user dll's ...
Registered in 0.008302 seconds.
Begin MonoManager ReloadAssembly
Symbol file LoadedFromMemory doesn't match image C:\Users\timos\OneDrive\Documenten\Unity_projecten\Building_Playfull_World_2\Library\PackageCache\com.unity.visualscripting@1.7.8\Editor\VisualScripting.Core\Dependencies\YamlDotNet\Unity.VisualScripting.YamlDotNet.dll
Symbol file LoadedFromMemory doesn't match image C:\Users\timos\OneDrive\Documenten\Unity_projecten\Building_Playfull_World_2\Library\PackageCache\com.unity.visualscripting@1.7.8\Editor\VisualScripting.Core\Dependencies\DotNetZip\Unity.VisualScripting.IonicZip.dll
Native extension for WindowsStandalone target not found
Refreshing native plugins compatible for Editor in 168.15 ms, found 3 plugins.
Preloading 0 native plugins for Editor in 0.00 ms.
Mono: successfully reloaded assembly
- Completed reload, in  1.698 seconds
Domain Reload Profiling:
	ReloadAssembly (1699ms)
		BeginReloadAssembly (129ms)
			ExecutionOrderSort (0ms)
			DisableScriptedObjects (8ms)
			BackupInstance (0ms)
			ReleaseScriptingObjects (0ms)
			CreateAndSetChildDomain (27ms)
		EndReloadAssembly (1436ms)
			LoadAssemblies (106ms)
			RebuildTransferFunctionScriptingTraits (0ms)
			SetupTypeCache (382ms)
			ReleaseScriptCaches (1ms)
			RebuildScriptCaches (102ms)
			SetupLoadedEditorAssemblies (790ms)
				LogAssemblyErrors (0ms)
				InitializePlatformSupportModulesInManaged (5ms)
				SetLoadedEditorAssemblies (0ms)
				RefreshPlugins (168ms)
				BeforeProcessingInitializeOnLoad (156ms)
				ProcessInitializeOnLoadAttributes (353ms)
				ProcessInitializeOnLoadMethodAttributes (99ms)
				AfterProcessingInitializeOnLoad (9ms)
				EditorAssembliesLoaded (0ms)
			ExecutionOrderSort2 (0ms)
			AwakeInstancesAfterBackupRestoration (6ms)
Platform modules already initialized, skipping
========================================================================
Worker process is ready to serve import requests
Launched and connected shader compiler UnityShaderCompiler.exe after 0.05 seconds
Refreshing native plugins compatible for Editor in 1.75 ms, found 3 plugins.
Preloading 0 native plugins for Editor in 0.00 ms.
Unloading 5875 Unused Serialized files (Serialized files now loaded: 0)
Unloading 38 unused Assets / (1.8 MB). Loaded Objects now: 6355.
Memory consumption went from 265.5 MB to 263.7 MB.
Total: 5.558600 ms (FindLiveObjects: 0.625100 ms CreateObjectMapping: 0.328500 ms MarkObjects: 3.970400 ms  DeleteObjects: 0.633100 ms)

AssetImportParameters requested are different than current active one (requested -> active):
  custom:video-decoder-ogg-theora: a1e56fd34408186e4bbccfd4996cb3dc -> 
  custom:container-muxer-webm: aa71ff27fc2769a1b78a27578f13a17b -> 
  custom:container-demuxer-webm: 4f35f7cbe854078d1ac9338744f61a02 -> 
  custom:video-encoder-webm-vp8: eb34c28f22e8b96e1ab97ce403110664 -> 
  custom:video-codec-MediaFoundation-h265: 746d11721c4dcdbdad8f713fa42b33f4 -> 
  custom:audio-encoder-webm-vorbis: bf7c407c2cedff20999df2af8eb42d56 -> 
  custom:framework-win-MediaFoundation: 216162199b28c13a410421893ffa2e32 -> 
  custom:container-demuxer-ogg: 62fdf1f143b41e24485cea50d1cbac27 -> 
  custom:video-decoder-webm-vp8: 9c59270c3fd7afecdb556c50c9e8de78 -> 
  custom:audio-decoder-ogg-vorbis: bf7c407c2cedff20999df2af8eb42d56 -> 
========================================================================
Received Import Request.
  Time since last request: 52728.278713 seconds.
  path: Assets/All_mesh_Assets/OutPost/Resources/Assets/Materials/acera2.mat
  artifactKey: Guid(01e390a6eb79d5147afb4ec6a63a3f02) Importer(815301076,1909f56bfc062723c751e8b465ee728b)
Start importing Assets/All_mesh_Assets/OutPost/Resources/Assets/Materials/acera2.mat using Guid(01e390a6eb79d5147afb4ec6a63a3f02) Importer(815301076,1909f56bfc062723c751e8b465ee728b)  -> (artifact id: '8ab2cab793b5f22e7a5396d8d84ca85e') in 0.365667 seconds 
========================================================================
Received Import Request.
  Time since last request: 0.000084 seconds.
  path: Assets/All_mesh_Assets/OutPost/Resources/Assets/Materials/Basket01-flatiron_bake_result37.mat
  artifactKey: Guid(408535d2bb9895a44ad4c6cb10b988b6) Importer(815301076,1909f56bfc062723c751e8b465ee728b)
Start importing Assets/All_mesh_Assets/OutPost/Resources/Assets/Materials/Basket01-flatiron_bake_result37.mat using Guid(408535d2bb9895a44ad4c6cb10b988b6) Importer(815301076,1909f56bfc062723c751e8b465ee728b)  -> (artifact id: '4e46d5a54f6a31f652accd02cf47e236') in 0.024731 seconds 
========================================================================
Received Import Request.
  Time since last request: 0.000051 seconds.
  path: Assets/All_mesh_Assets/OutPost/Resources/Assets/Materials/papelera01-flatiron_bake_result32.mat
  artifactKey: Guid(b583d1d878c1e9b4e8b7ff5fbc42fd7e) Importer(815301076,1909f56bfc062723c751e8b465ee728b)
Start importing Assets/All_mesh_Assets/OutPost/Resources/Assets/Materials/papelera01-flatiron_bake_result32.mat using Guid(b583d1d878c1e9b4e8b7ff5fbc42fd7e) Importer(815301076,1909f56bfc062723c751e8b465ee728b)  -> (artifact id: 'bf7d631e4125f036af9e418ba4f0a873') in 0.029487 seconds 
========================================================================
Received Import Request.
  Time since last request: 3.269853 seconds.
  path: Assets/All_mesh_Assets/OutPost/Resources/Assets/Materials/semaforo-flatiron_bake_result23.mat
  artifactKey: Guid(499db20d8a171264f913237267b22044) Importer(815301076,1909f56bfc062723c751e8b465ee728b)
Start importing Assets/All_mesh_Assets/OutPost/Resources/Assets/Materials/semaforo-flatiron_bake_result23.mat using Guid(499db20d8a171264f913237267b22044) Importer(815301076,1909f56bfc062723c751e8b465ee728b)  -> (artifact id: '06434624de1012ab30c58f92946071ee') in 0.021654 seconds 
========================================================================
Received Import Request.
  Time since last request: 2.051195 seconds.
  path: Assets/All_mesh_Assets/OutPost/Resources/Assets/Materials/Shops0012_1_S_paz_2.mat
  artifactKey: Guid(13625ff582ac8504aba5f509a17442c3) Importer(815301076,1909f56bfc062723c751e8b465ee728b)
Start importing Assets/All_mesh_Assets/OutPost/Resources/Assets/Materials/Shops0012_1_S_paz_2.mat using Guid(13625ff582ac8504aba5f509a17442c3) Importer(815301076,1909f56bfc062723c751e8b465ee728b)  -> (artifact id: 'd4404c77165529e794c5648d1bdda916') in 0.028453 seconds 
========================================================================
Received Import Request.
  Time since last request: 0.000027 seconds.
  path: Assets/All_mesh_Assets/OutPost/Resources/Assets/Materials/Shops0052_Spaz_02.mat
  artifactKey: Guid(c9ac5357237dab44a9f8556ec3e3db02) Importer(815301076,1909f56bfc062723c751e8b465ee728b)
Start importing Assets/All_mesh_Assets/OutPost/Resources/Assets/Materials/Shops0052_Spaz_02.mat using Guid(c9ac5357237dab44a9f8556ec3e3db02) Importer(815301076,1909f56bfc062723c751e8b465ee728b)  -> (artifact id: '7bd131121a5630fc2c227217608cc7c6') in 0.022270 seconds 
========================================================================
Received Import Request.
  Time since last request: 0.000031 seconds.
  path: Assets/All_mesh_Assets/OutPost/Resources/Assets/Materials/Shops0038_S.mat
  artifactKey: Guid(108861ecaa4fd4d47a8cead256bdf16d) Importer(815301076,1909f56bfc062723c751e8b465ee728b)
Start importing Assets/All_mesh_Assets/OutPost/Resources/Assets/Materials/Shops0038_S.mat using Guid(108861ecaa4fd4d47a8cead256bdf16d) Importer(815301076,1909f56bfc062723c751e8b465ee728b)  -> (artifact id: '0ca195571d24047d95d4f7a7b2d2a70b') in 0.025499 seconds 
========================================================================
Received Import Request.
  Time since last request: 0.000066 seconds.
  path: Assets/All_mesh_Assets/OutPost/Resources/Assets/Materials/Tejado01Block01_1.mat
  artifactKey: Guid(84750639760e9894285e0dea972ae903) Importer(815301076,1909f56bfc062723c751e8b465ee728b)
Start importing Assets/All_mesh_Assets/OutPost/Resources/Assets/Materials/Tejado01Block01_1.mat using Guid(84750639760e9894285e0dea972ae903) Importer(815301076,1909f56bfc062723c751e8b465ee728b)  -> (artifact id: '91f47a38284725f673e4d4f62745cbfc') in 0.022420 seconds 
========================================================================
Received Import Request.
  Time since last request: 0.000052 seconds.
  path: Assets/All_mesh_Assets/OutPost/Resources/Assets/Materials/stair.mat
  artifactKey: Guid(76c33d69540f2d54a85d8263afc83faf) Importer(815301076,1909f56bfc062723c751e8b465ee728b)
Start importing Assets/All_mesh_Assets/OutPost/Resources/Assets/Materials/stair.mat using Guid(76c33d69540f2d54a85d8263afc83faf) Importer(815301076,1909f56bfc062723c751e8b465ee728b)  -> (artifact id: 'd3ee1c9a296b39cb10ac0dd78ef9451e') in 0.023652 seconds 
========================================================================
Received Import Request.
  Time since last request: 0.000045 seconds.
  path: Assets/All_mesh_Assets/OutPost/Resources/Assets/Materials/sign_002.mat
  artifactKey: Guid(229ee9553ee7d9445be3221dcaea20d7) Importer(815301076,1909f56bfc062723c751e8b465ee728b)
Start importing Assets/All_mesh_Assets/OutPost/Resources/Assets/Materials/sign_002.mat using Guid(229ee9553ee7d9445be3221dcaea20d7) Importer(815301076,1909f56bfc062723c751e8b465ee728b)  -> (artifact id: '07a6e23650f9716ef00a060c649b36d0') in 0.025354 seconds 
========================================================================
Received Import Request.
  Time since last request: 0.000056 seconds.
  path: Assets/All_mesh_Assets/OutPost/Resources/Assets/Materials/Shops0054_M_paz.mat
  artifactKey: Guid(4a5f5913e2272c142ab0f5bccbe124ce) Importer(815301076,1909f56bfc062723c751e8b465ee728b)
Start importing Assets/All_mesh_Assets/OutPost/Resources/Assets/Materials/Shops0054_M_paz.mat using Guid(4a5f5913e2272c142ab0f5bccbe124ce) Importer(815301076,1909f56bfc062723c751e8b465ee728b)  -> (artifact id: '582b9648906da034e9446e10cdd097c2') in 0.023273 seconds 
========================================================================
Received Import Request.
  Time since last request: 0.000034 seconds.
  path: Assets/All_mesh_Assets/OutPost/Resources/Assets/Materials/stairBlock07.mat
  artifactKey: Guid(3be4ed90c7bafc04993da6175a1c729b) Importer(815301076,1909f56bfc062723c751e8b465ee728b)
Start importing Assets/All_mesh_Assets/OutPost/Resources/Assets/Materials/stairBlock07.mat using Guid(3be4ed90c7bafc04993da6175a1c729b) Importer(815301076,1909f56bfc062723c751e8b465ee728b)  -> (artifact id: '148f19119baff80f2e3525f81df5f632') in 0.021993 seconds 
========================================================================
Received Import Request.
  Time since last request: 42.695819 seconds.
  path: Assets/All_mesh_Assets/Flooded_Grounds/Prefabs/Nature/Grass/Grass_Small_B.prefab
  artifactKey: Guid(bf9be07af37802d45ab1d805925ec862) Importer(815301076,1909f56bfc062723c751e8b465ee728b)
Start importing Assets/All_mesh_Assets/Flooded_Grounds/Prefabs/Nature/Grass/Grass_Small_B.prefab using Guid(bf9be07af37802d45ab1d805925ec862) Importer(815301076,1909f56bfc062723c751e8b465ee728b)  -> (artifact id: 'eaa756bb5ec90938759827dafc43e945') in 0.059424 seconds 
========================================================================
Received Import Request.
  Time since last request: 0.000035 seconds.
  path: Assets/All_mesh_Assets/Flooded_Grounds/Prefabs/Nature/Grass/Grass_Tall_C.prefab
  artifactKey: Guid(f3d5432b8ff8c7e4e9aab8ca88060e47) Importer(815301076,1909f56bfc062723c751e8b465ee728b)
Start importing Assets/All_mesh_Assets/Flooded_Grounds/Prefabs/Nature/Grass/Grass_Tall_C.prefab using Guid(f3d5432b8ff8c7e4e9aab8ca88060e47) Importer(815301076,1909f56bfc062723c751e8b465ee728b)  -> (artifact id: 'de1d617316859da63c1530e3946a5963') in 0.048825 seconds 
Editor requested this worker to shutdown with reason: Scaling down because of idle timeout
AssetImportWorker is now disconnected from the server
Process exiting
Exiting without the bug reporter. Application will terminate with return code 0